Using pre-set license
Built from '2020.2/staging' branch; Version is '2020.2.6f1 (8a2143876886) revision 9052483'; Using compiler version '192528614'; Build Type 'Release'
OS: 'Windows 10 Home Single Language; OS build 19042.928; Version 2009; 64bit' Language: 'es' Physical Memory: 7599 MB
BatchMode: 1, IsHumanControllingUs: 0, StartBugReporterOnCrash: 0, Is64bit: 1, IsPro: 0

 COMMAND LINE ARGUMENTS:
C:\Program Files\Unity\Hub\Editor\2020.2.6f1\Editor\Unity.exe
-adb2
-batchMode
-noUpm
-name
AssetImportWorker0
-projectPath
D:/Documents/Cuarto Semestre/Construcci贸n de software y toma de decisiones/Videojuegos/AdasAdventure
-logFile
Logs/AssetImportWorker0.log
-srvPort
59386
Successfully changed project path to: D:/Documents/Cuarto Semestre/Construcci贸n de software y toma de decisiones/Videojuegos/AdasAdventure
D:/Documents/Cuarto Semestre/Construcci贸n de software y toma de decisiones/Videojuegos/AdasAdventure
Using Asset Import Pipeline V2.
Refreshing native plugins compatible for Editor in 41.26 ms, found 1 plugins.
Preloading 0 native plugins for Editor in 0.00 ms.
Initialize engine version: 2020.2.6f1 (8a2143876886)
[Subsystems] Discovering subsystems at path C:/Program Files/Unity/Hub/Editor/2020.2.6f1/Editor/Data/Resources/UnitySubsystems
[Subsystems] Discovering subsystems at path D:/Documents/Cuarto Semestre/Construcci贸n de software y toma de decisiones/Videojuegos/AdasAdventure/Assets
GfxDevice: creating device client; threaded=0
Direct3D:
    Version:  Direct3D 11.0 [level 11.1]
    Renderer: NVIDIA GeForce GTX 1650 Ti (ID=0x1f95)
    Vendor:   
    VRAM:     3962 MB
    Driver:   27.21.14.6611
Initialize mono
Mono path[0] = 'C:/Program Files/Unity/Hub/Editor/2020.2.6f1/Editor/Data/Managed'
Mono path[1] = 'C:/Program Files/Unity/Hub/Editor/2020.2.6f1/Editor/Data/MonoBleedingEdge/lib/mono/unityjit'
Mono config path = 'C:/Program Files/Unity/Hub/Editor/2020.2.6f1/Editor/Data/MonoBleedingEdge/etc'
Using monoOptions --debugger-agent=transport=dt_socket,embedding=1,server=y,suspend=n,address=127.0.0.1:56820
Begin MonoManager ReloadAssembly
Registering precompiled unity dll's ...
Register platform support module: C:/Program Files/Unity/Hub/Editor/2020.2.6f1/Editor/Data/PlaybackEngines/WindowsStandaloneSupport/UnityEditor.WindowsStandalone.Extensions.dll
Registered in 0.002241 seconds.
Native extension for WindowsStandalone target not found
Refreshing native plugins compatible for Editor in 40.05 ms, found 1 plugins.
Preloading 0 native plugins for Editor in 0.00 ms.
Invoked RoslynAnalysisRunner static constructor.
RoslynAnalysisRunner will not be running.
RoslynAnalysisRunner has terminated.
Mono: successfully reloaded assembly
- Completed reload, in  1.049 seconds
Platform modules already initialized, skipping
Registering precompiled user dll's ...
Registered in 0.001165 seconds.
Begin MonoManager ReloadAssembly
Native extension for WindowsStandalone target not found
Refreshing native plugins compatible for Editor in 41.97 ms, found 1 plugins.
Preloading 0 native plugins for Editor in 0.00 ms.
Invoked RoslynAnalysisRunner static constructor.
RoslynAnalysisRunner will not be running.
RoslynAnalysisRunner has terminated.
Mono: successfully reloaded assembly
- Completed reload, in  0.830 seconds
Platform modules already initialized, skipping
========================================================================
Worker process is ready to serve import requests
Launched and connected shader compiler UnityShaderCompiler.exe after 0.05 seconds
Refreshing native plugins compatible for Editor in 1.12 ms, found 1 plugins.
Preloading 0 native plugins for Editor in 0.00 ms.
Unloading 1826 Unused Serialized files (Serialized files now loaded: 0)
System memory in use before: 86.1 MB.
System memory in use after: 86.0 MB.

Unloading 24 unused Assets to reduce memory usage. Loaded Objects now: 2270.
Total: 2.874000 ms (FindLiveObjects: 0.648800 ms CreateObjectMapping: 0.151100 ms MarkObjects: 1.945900 ms  DeleteObjects: 0.126300 ms)

========================================================================
Received Import Request.
  path: Assets/Prefabs/HUD.prefab
  artifactKey: Guid(998555b9cc1643a42b5f9ce8089d1ce7) Importer(815301076,1909f56bfc062723c751e8b465ee728b)
Start importing Assets/Prefabs/HUD.prefab using Guid(998555b9cc1643a42b5f9ce8089d1ce7) Importer(815301076,1909f56bfc062723c751e8b465ee728b)  -> (artifact id: '51ab0d4618c89cbf9ce3fc7e27ce1ee1') in 0.059969 seconds
  Import took 0.064059 seconds .

========================================================================
Received Import Request.
  Time since last request: 0.000247 seconds.
  path: Assets/Prefabs/Moneda vacuna.prefab
  artifactKey: Guid(67b33235456135d42b9918792c939c28) Importer(815301076,1909f56bfc062723c751e8b465ee728b)
Start importing Assets/Prefabs/Moneda vacuna.prefab using Guid(67b33235456135d42b9918792c939c28) Importer(815301076,1909f56bfc062723c751e8b465ee728b)  -> (artifact id: 'c497b545f90f2756ff385e767dd6f932') in 0.101310 seconds
  Import took 0.105055 seconds .

========================================================================
Received Prepare
Registering precompiled user dll's ...
Registered in 0.001471 seconds.
Begin MonoManager ReloadAssembly
Native extension for WindowsStandalone target not found
Refreshing native plugins compatible for Editor in 0.45 ms, found 1 plugins.
Preloading 0 native plugins for Editor in 0.00 ms.
Invoked RoslynAnalysisRunner static constructor.
RoslynAnalysisRunner will not be running.
RoslynAnalysisRunner has terminated.
Mono: successfully reloaded assembly
- Completed reload, in  0.781 seconds
Platform modules already initialized, skipping
Refreshing native plugins compatible for Editor in 0.45 ms, found 1 plugins.
Preloading 0 native plugins for Editor in 0.00 ms.
Unloading 1821 Unused Serialized files (Serialized files now loaded: 0)
System memory in use before: 89.2 MB.
System memory in use after: 89.2 MB.

Unloading 13 unused Assets to reduce memory usage. Loaded Objects now: 2282.
Total: 3.108900 ms (FindLiveObjects: 0.353300 ms CreateObjectMapping: 0.109700 ms MarkObjects: 2.542800 ms  DeleteObjects: 0.101300 ms)

========================================================================
Received Import Request.
  Time since last request: 283.358073 seconds.
  path: Assets/Scenes/ElEncuentroFInal.unity
  artifactKey: Guid(9cb5aa28cb50ded49ae97c2f78b1db31) Importer(815301076,1909f56bfc062723c751e8b465ee728b)
Start importing Assets/Scenes/ElEncuentroFInal.unity using Guid(9cb5aa28cb50ded49ae97c2f78b1db31) Importer(815301076,1909f56bfc062723c751e8b465ee728b)  -> (artifact id: '130d3aa48e16ba883fa8a011f8f80d15') in 0.013482 seconds
  Import took 0.124681 seconds .

========================================================================
Received Import Request.
  Time since last request: 813.583286 seconds.
  path: Assets/Scenes/TheVirus.unity
  artifactKey: Guid(469def33ca0c60349af30520cda450ff) Importer(815301076,1909f56bfc062723c751e8b465ee728b)
Start importing Assets/Scenes/TheVirus.unity using Guid(469def33ca0c60349af30520cda450ff) Importer(815301076,1909f56bfc062723c751e8b465ee728b)  -> (artifact id: 'd0f1d83b980f845a179fcd697da04935') in 0.002808 seconds
  Import took 0.015130 seconds .

========================================================================
Received Prepare
Registering precompiled user dll's ...
Registered in 0.001246 seconds.
Begin MonoManager ReloadAssembly
Native extension for WindowsStandalone target not found
Refreshing native plugins compatible for Editor in 0.46 ms, found 1 plugins.
Preloading 0 native plugins for Editor in 0.00 ms.
Invoked RoslynAnalysisRunner static constructor.
RoslynAnalysisRunner will not be running.
RoslynAnalysisRunner has terminated.
Mono: successfully reloaded assembly
- Completed reload, in  0.754 seconds
Platform modules already initialized, skipping
Refreshing native plugins compatible for Editor in 0.52 ms, found 1 plugins.
Preloading 0 native plugins for Editor in 0.00 ms.
Unloading 1821 Unused Serialized files (Serialized files now loaded: 0)
System memory in use before: 89.3 MB.
System memory in use after: 89.3 MB.

Unloading 12 unused Assets to reduce memory usage. Loaded Objects now: 2285.
Total: 2.012100 ms (FindLiveObjects: 0.232700 ms CreateObjectMapping: 0.047600 ms MarkObjects: 1.615400 ms  DeleteObjects: 0.114600 ms)

========================================================================
Received Import Request.
  Time since last request: 567.881187 seconds.
  path: Assets/Scenes/TheVirus.unity
  artifactKey: Guid(469def33ca0c60349af30520cda450ff) Importer(815301076,1909f56bfc062723c751e8b465ee728b)
Start importing Assets/Scenes/TheVirus.unity using Guid(469def33ca0c60349af30520cda450ff) Importer(815301076,1909f56bfc062723c751e8b465ee728b)  -> (artifact id: 'a5bf481bb891adb450be063207d30916') in 0.013098 seconds
  Import took 0.056716 seconds .

========================================================================
Received Prepare
Registering precompiled user dll's ...
Registered in 0.001172 seconds.
Begin MonoManager ReloadAssembly
Native extension for WindowsStandalone target not found
Refreshing native plugins compatible for Editor in 0.45 ms, found 1 plugins.
Preloading 0 native plugins for Editor in 0.00 ms.
Invoked RoslynAnalysisRunner static constructor.
RoslynAnalysisRunner will not be running.
RoslynAnalysisRunner has terminated.
Mono: successfully reloaded assembly
- Completed reload, in  0.740 seconds
Platform modules already initialized, skipping
Refreshing native plugins compatible for Editor in 0.47 ms, found 1 plugins.
Preloading 0 native plugins for Editor in 0.00 ms.
Unloading 1821 Unused Serialized files (Serialized files now loaded: 0)
System memory in use before: 89.3 MB.
System memory in use after: 89.3 MB.

Unloading 12 unused Assets to reduce memory usage. Loaded Objects now: 2288.
Total: 2.209000 ms (FindLiveObjects: 0.271200 ms CreateObjectMapping: 0.044800 ms MarkObjects: 1.783300 ms  DeleteObjects: 0.107600 ms)

========================================================================
Received Import Request.
  Time since last request: 317.684414 seconds.
  path: Assets/Prefabs/Moneda vacuna.prefab
  artifactKey: Guid(67b33235456135d42b9918792c939c28) Importer(815301076,1909f56bfc062723c751e8b465ee728b)
Start importing Assets/Prefabs/Moneda vacuna.prefab using Guid(67b33235456135d42b9918792c939c28) Importer(815301076,1909f56bfc062723c751e8b465ee728b)  -> (artifact id: '0e71e036bc93503579acf80bf8945a9d') in 0.119364 seconds
  Import took 0.164927 seconds .

========================================================================
Received Prepare
Registering precompiled user dll's ...
Registered in 0.001324 seconds.
Begin MonoManager ReloadAssembly
Native extension for WindowsStandalone target not found
Refreshing native plugins compatible for Editor in 0.45 ms, found 1 plugins.
Preloading 0 native plugins for Editor in 0.00 ms.
Invoked RoslynAnalysisRunner static constructor.
RoslynAnalysisRunner will not be running.
RoslynAnalysisRunner has terminated.
Mono: successfully reloaded assembly
- Completed reload, in  0.740 seconds
Platform modules already initialized, skipping
Refreshing native plugins compatible for Editor in 0.52 ms, found 1 plugins.
Preloading 0 native plugins for Editor in 0.00 ms.
Unloading 1821 Unused Serialized files (Serialized files now loaded: 0)
System memory in use before: 89.3 MB.
System memory in use after: 89.3 MB.

Unloading 12 unused Assets to reduce memory usage. Loaded Objects now: 2292.
Total: 2.857700 ms (FindLiveObjects: 0.370100 ms CreateObjectMapping: 0.085700 ms MarkObjects: 2.279900 ms  DeleteObjects: 0.119300 ms)

AssetImportWorkerClient::OnTransportError - code=2 error=End of file
