Using pre-set license
Built from '2020.2/staging' branch; Version is '2020.2.6f1 (8a2143876886) revision 9052483'; Using compiler version '192528614'; Build Type 'Release'
OS: 'Windows 10 Home Single Language; OS build 18363.1440; Version 1909; 64bit' Language: 'es' Physical Memory: 7599 MB
BatchMode: 1, IsHumanControllingUs: 0, StartBugReporterOnCrash: 0, Is64bit: 1, IsPro: 0

 COMMAND LINE ARGUMENTS:
C:\Program Files\Unity\Hub\Editor\2020.2.6f1\Editor\Unity.exe
-adb2
-batchMode
-noUpm
-name
AssetImportWorker0
-projectPath
D:/Documents/Cuarto Semestre/Construcci贸n de software y toma de decisiones/Videojuegos/AdasAdventure
-logFile
Logs/AssetImportWorker0.log
-srvPort
54199
Successfully changed project path to: D:/Documents/Cuarto Semestre/Construcci贸n de software y toma de decisiones/Videojuegos/AdasAdventure
D:/Documents/Cuarto Semestre/Construcci贸n de software y toma de decisiones/Videojuegos/AdasAdventure
Using Asset Import Pipeline V2.
Refreshing native plugins compatible for Editor in 36.97 ms, found 1 plugins.
Preloading 0 native plugins for Editor in 0.00 ms.
Initialize engine version: 2020.2.6f1 (8a2143876886)
[Subsystems] Discovering subsystems at path C:/Program Files/Unity/Hub/Editor/2020.2.6f1/Editor/Data/Resources/UnitySubsystems
[Subsystems] Discovering subsystems at path D:/Documents/Cuarto Semestre/Construcci贸n de software y toma de decisiones/Videojuegos/AdasAdventure/Assets
GfxDevice: creating device client; threaded=0
Direct3D:
    Version:  Direct3D 11.0 [level 11.1]
    Renderer: NVIDIA GeForce GTX 1650 Ti (ID=0x1f95)
    Vendor:   
    VRAM:     3962 MB
    Driver:   27.21.14.6172
Initialize mono
Mono path[0] = 'C:/Program Files/Unity/Hub/Editor/2020.2.6f1/Editor/Data/Managed'
Mono path[1] = 'C:/Program Files/Unity/Hub/Editor/2020.2.6f1/Editor/Data/MonoBleedingEdge/lib/mono/unityjit'
Mono config path = 'C:/Program Files/Unity/Hub/Editor/2020.2.6f1/Editor/Data/MonoBleedingEdge/etc'
Using monoOptions --debugger-agent=transport=dt_socket,embedding=1,server=y,suspend=n,address=127.0.0.1:56656
Begin MonoManager ReloadAssembly
Registering precompiled unity dll's ...
Register platform support module: C:/Program Files/Unity/Hub/Editor/2020.2.6f1/Editor/Data/PlaybackEngines/WindowsStandaloneSupport/UnityEditor.WindowsStandalone.Extensions.dll
Registered in 0.002358 seconds.
Native extension for WindowsStandalone target not found
Refreshing native plugins compatible for Editor in 34.03 ms, found 1 plugins.
Preloading 0 native plugins for Editor in 0.00 ms.
Invoked RoslynAnalysisRunner static constructor.
RoslynAnalysisRunner will not be running.
RoslynAnalysisRunner has terminated.
Mono: successfully reloaded assembly
- Completed reload, in  1.097 seconds
Platform modules already initialized, skipping
Registering precompiled user dll's ...
Registered in 0.001146 seconds.
Begin MonoManager ReloadAssembly
Native extension for WindowsStandalone target not found
Refreshing native plugins compatible for Editor in 36.41 ms, found 1 plugins.
Preloading 0 native plugins for Editor in 0.00 ms.
Invoked RoslynAnalysisRunner static constructor.
RoslynAnalysisRunner will not be running.
RoslynAnalysisRunner has terminated.
Mono: successfully reloaded assembly
- Completed reload, in  0.891 seconds
Platform modules already initialized, skipping
========================================================================
Worker process is ready to serve import requests
Launched and connected shader compiler UnityShaderCompiler.exe after 0.06 seconds
Refreshing native plugins compatible for Editor in 0.41 ms, found 1 plugins.
Preloading 0 native plugins for Editor in 0.00 ms.
Unloading 1796 Unused Serialized files (Serialized files now loaded: 0)
System memory in use before: 85.0 MB.
System memory in use after: 85.0 MB.

Unloading 24 unused Assets to reduce memory usage. Loaded Objects now: 2238.
Total: 3.241900 ms (FindLiveObjects: 0.412000 ms CreateObjectMapping: 0.076600 ms MarkObjects: 2.602500 ms  DeleteObjects: 0.148900 ms)

========================================================================
Received Import Request.
  path: Assets/Texturas/Ada.jpeg
  artifactKey: Guid(e48b5b8de14de3b41b3b89c2de7a3fda) Importer(815301076,1909f56bfc062723c751e8b465ee728b)
Start importing Assets/Texturas/Ada.jpeg using Guid(e48b5b8de14de3b41b3b89c2de7a3fda) Importer(815301076,1909f56bfc062723c751e8b465ee728b)  -> (artifact id: 'c14b125a332269d6cc873b383ee5a5b4') in 0.090680 seconds
  Import took 0.113513 seconds .

========================================================================
Received Import Request.
  Time since last request: 12.978157 seconds.
  path: Assets/Texturas/Ada.jpeg
  artifactKey: Guid(e48b5b8de14de3b41b3b89c2de7a3fda) Importer(815301076,1909f56bfc062723c751e8b465ee728b)
Start importing Assets/Texturas/Ada.jpeg using Guid(e48b5b8de14de3b41b3b89c2de7a3fda) Importer(815301076,1909f56bfc062723c751e8b465ee728b)  -> (artifact id: '83341868014c63120c1dd07530265f00') in 0.008904 seconds
  Import took 0.084576 seconds .

========================================================================
Received Import Request.
  Time since last request: 504.098923 seconds.
  path: Assets/Texturas/Ada.png
  artifactKey: Guid(af59762fcfa9ad846816b8a7136c920f) Importer(815301076,1909f56bfc062723c751e8b465ee728b)
Start importing Assets/Texturas/Ada.png using Guid(af59762fcfa9ad846816b8a7136c920f) Importer(815301076,1909f56bfc062723c751e8b465ee728b)  -> (artifact id: '4d1b4f33e38b4de2d9d84e57ffd25d1f') in 0.022783 seconds
  Import took 0.128532 seconds .

========================================================================
Received Import Request.
  Time since last request: 7.107447 seconds.
  path: Assets/Texturas/Ada.png
  artifactKey: Guid(af59762fcfa9ad846816b8a7136c920f) Importer(815301076,1909f56bfc062723c751e8b465ee728b)
Start importing Assets/Texturas/Ada.png using Guid(af59762fcfa9ad846816b8a7136c920f) Importer(815301076,1909f56bfc062723c751e8b465ee728b)  -> (artifact id: '828506f9adc178879439155320f4e431') in 0.017529 seconds
  Import took 0.064776 seconds .

========================================================================
Received Import Request.
  Time since last request: 22.964909 seconds.
  path: Assets/Texturas/Ada.png
  artifactKey: Guid(af59762fcfa9ad846816b8a7136c920f) Importer(815301076,1909f56bfc062723c751e8b465ee728b)
Start importing Assets/Texturas/Ada.png using Guid(af59762fcfa9ad846816b8a7136c920f) Importer(815301076,1909f56bfc062723c751e8b465ee728b)  -> (artifact id: '078a6cc5a7156a3c0f206a01bf0f19da') in 0.008229 seconds
  Import took 0.025806 seconds .

========================================================================
Received Import Request.
  Time since last request: 303.655751 seconds.
  path: Assets/Texturas/Ada.png
  artifactKey: Guid(af59762fcfa9ad846816b8a7136c920f) Importer(815301076,1909f56bfc062723c751e8b465ee728b)
Start importing Assets/Texturas/Ada.png using Guid(af59762fcfa9ad846816b8a7136c920f) Importer(815301076,1909f56bfc062723c751e8b465ee728b)  -> (artifact id: 'c336bfd2e356574b6239179cc6c94a06') in 0.019323 seconds
  Import took 0.043576 seconds .

========================================================================
Received Import Request.
  Time since last request: 172.776219 seconds.
  path: Assets/Texturas/Ada.png
  artifactKey: Guid(af59762fcfa9ad846816b8a7136c920f) Importer(815301076,1909f56bfc062723c751e8b465ee728b)
Start importing Assets/Texturas/Ada.png using Guid(af59762fcfa9ad846816b8a7136c920f) Importer(815301076,1909f56bfc062723c751e8b465ee728b)  -> (artifact id: 'db704e5c5d95d7dcd84fc4c03cdb6ef9') in 0.019763 seconds
  Import took 0.062866 seconds .

========================================================================
Received Import Request.
  Time since last request: 6.367089 seconds.
  path: Assets/Texturas/Ada.png
  artifactKey: Guid(af59762fcfa9ad846816b8a7136c920f) Importer(815301076,1909f56bfc062723c751e8b465ee728b)
Start importing Assets/Texturas/Ada.png using Guid(af59762fcfa9ad846816b8a7136c920f) Importer(815301076,1909f56bfc062723c751e8b465ee728b)  -> (artifact id: '355e0d61bb0b49fec9574df874852c5a') in 0.007588 seconds
  Import took 0.040124 seconds .

========================================================================
Received Import Request.
  Time since last request: 1443.037326 seconds.
  path: Assets/Warped City Assets/Scenes/demo-warped-city.unity
  artifactKey: Guid(2db09285101a648059e8348b1f870237) Importer(815301076,1909f56bfc062723c751e8b465ee728b)
Start importing Assets/Warped City Assets/Scenes/demo-warped-city.unity using Guid(2db09285101a648059e8348b1f870237) Importer(815301076,1909f56bfc062723c751e8b465ee728b)  -> (artifact id: 'a5397a978481bffb246470d28e2480eb') in 0.005621 seconds
  Import took 0.010629 seconds .

========================================================================
Received Import Request.
  Time since last request: 13.543786 seconds.
  path: Assets/Scenes/EscenaMenu.unity
  artifactKey: Guid(ed46c2a6b122d3c49bf209b0cf454470) Importer(815301076,1909f56bfc062723c751e8b465ee728b)
Start importing Assets/Scenes/EscenaMenu.unity using Guid(ed46c2a6b122d3c49bf209b0cf454470) Importer(815301076,1909f56bfc062723c751e8b465ee728b)  -> (artifact id: 'b4b8315aab4be0c391494ae9b6ff4568') in 0.003614 seconds
  Import took 0.009046 seconds .

========================================================================
Received Import Request.
  Time since last request: 0.004723 seconds.
  path: Assets/Scenes/EscenaMenu.unity
  artifactKey: Guid(ed46c2a6b122d3c49bf209b0cf454470) Importer(815301076,1909f56bfc062723c751e8b465ee728b)
Start importing Assets/Scenes/EscenaMenu.unity using Guid(ed46c2a6b122d3c49bf209b0cf454470) Importer(815301076,1909f56bfc062723c751e8b465ee728b)  -> (artifact id: 'b4b8315aab4be0c391494ae9b6ff4568') in 0.004021 seconds
  Import took 0.010588 seconds .

========================================================================
Received Import Request.
  Time since last request: 2.099370 seconds.
  path: Assets/Scenes/EscenaMenu.unity
  artifactKey: Guid(ed46c2a6b122d3c49bf209b0cf454470) Importer(815301076,1909f56bfc062723c751e8b465ee728b)
Start importing Assets/Scenes/EscenaMenu.unity using Guid(ed46c2a6b122d3c49bf209b0cf454470) Importer(815301076,1909f56bfc062723c751e8b465ee728b)  -> (artifact id: '2b3ce639f670286384e86d19fda54080') in 0.007666 seconds
  Import took 0.012801 seconds .

========================================================================
Received Import Request.
  Time since last request: 4.044882 seconds.
  path: Assets/Warped City Assets/Scenes
  artifactKey: Guid(1d04794afb7db4b8bbc71b67b6cdc45b) Importer(815301076,1909f56bfc062723c751e8b465ee728b)
Start importing Assets/Warped City Assets/Scenes using Guid(1d04794afb7db4b8bbc71b67b6cdc45b) Importer(815301076,1909f56bfc062723c751e8b465ee728b)  -> (artifact id: '97e9f7c09790f88bfdbd17755954eca5') in 0.003539 seconds
  Import took 0.008425 seconds .

========================================================================
Received Import Request.
  Time since last request: 54.354329 seconds.
  path: Assets/Warped City Assets/Artwork/ENVIRONMENT/background/buildings-bg.png
  artifactKey: Guid(37d1bdb3e1de647ae915d01a2b7def15) Importer(815301076,1909f56bfc062723c751e8b465ee728b)
Start importing Assets/Warped City Assets/Artwork/ENVIRONMENT/background/buildings-bg.png using Guid(37d1bdb3e1de647ae915d01a2b7def15) Importer(815301076,1909f56bfc062723c751e8b465ee728b)  -> (artifact id: 'beabd0175e60c64dc3bf9f40c9717952') in 0.023595 seconds
  Import took 0.029582 seconds .

========================================================================
Received Import Request.
  Time since last request: 0.000523 seconds.
  path: Assets/Warped City Assets/Artwork/ENVIRONMENT/background/near-buildings-bg.png
  artifactKey: Guid(8be56079f98104befaf15e67184d36f1) Importer(815301076,1909f56bfc062723c751e8b465ee728b)
Start importing Assets/Warped City Assets/Artwork/ENVIRONMENT/background/near-buildings-bg.png using Guid(8be56079f98104befaf15e67184d36f1) Importer(815301076,1909f56bfc062723c751e8b465ee728b)  -> (artifact id: '507c70697c4df4e820f59684460a9b76') in 0.018437 seconds
  Import took 0.021619 seconds .

========================================================================
Received Import Request.
  Time since last request: 0.000269 seconds.
  path: Assets/Warped City Assets/Artwork/ENVIRONMENT/background/skyline-a.png
  artifactKey: Guid(85e3b366cc43a412eaea4abb85da0cd3) Importer(815301076,1909f56bfc062723c751e8b465ee728b)
Start importing Assets/Warped City Assets/Artwork/ENVIRONMENT/background/skyline-a.png using Guid(85e3b366cc43a412eaea4abb85da0cd3) Importer(815301076,1909f56bfc062723c751e8b465ee728b)  -> (artifact id: '0fe9bc6e9ee6a32ba47964f22e21bbcb') in 0.013411 seconds
  Import took 0.018571 seconds .

========================================================================
Received Import Request.
  Time since last request: 0.000728 seconds.
  path: Assets/Warped City Assets/Artwork/ENVIRONMENT/background/skyline-b.png
  artifactKey: Guid(224884cef4f9549dc8e494a2c3f6ee87) Importer(815301076,1909f56bfc062723c751e8b465ee728b)
Start importing Assets/Warped City Assets/Artwork/ENVIRONMENT/background/skyline-b.png using Guid(224884cef4f9549dc8e494a2c3f6ee87) Importer(815301076,1909f56bfc062723c751e8b465ee728b)  -> (artifact id: '9965ad4af3644d03ba50a984b0c6dd9a') in 0.016077 seconds
  Import took 0.114522 seconds .

========================================================================
Received Import Request.
  Time since last request: 87.314436 seconds.
  path: Assets/Warped City Assets/Artwork/ENVIRONMENT/background/skyline-a.png
  artifactKey: Guid(85e3b366cc43a412eaea4abb85da0cd3) Importer(815301076,1909f56bfc062723c751e8b465ee728b)
Start importing Assets/Warped City Assets/Artwork/ENVIRONMENT/background/skyline-a.png using Guid(85e3b366cc43a412eaea4abb85da0cd3) Importer(815301076,1909f56bfc062723c751e8b465ee728b)  -> (artifact id: '0d20098280158c86b2e75716f46f2291') in 0.012359 seconds
  Import took 0.016112 seconds .

========================================================================
Received Import Request.
  Time since last request: 14.363819 seconds.
  path: Assets/Warped City Assets/Artwork/ENVIRONMENT/background/skyline-a.png
  artifactKey: Guid(85e3b366cc43a412eaea4abb85da0cd3) Importer(815301076,1909f56bfc062723c751e8b465ee728b)
Start importing Assets/Warped City Assets/Artwork/ENVIRONMENT/background/skyline-a.png using Guid(85e3b366cc43a412eaea4abb85da0cd3) Importer(815301076,1909f56bfc062723c751e8b465ee728b)  -> (artifact id: '93687067b6f6534bdd227c5abab4e597') in 0.014023 seconds
  Import took 0.018022 seconds .

========================================================================
Received Import Request.
  Time since last request: 11.902494 seconds.
  path: Assets/Warped City Assets/Artwork/ENVIRONMENT/background/skyline-a.png
  artifactKey: Guid(85e3b366cc43a412eaea4abb85da0cd3) Importer(815301076,1909f56bfc062723c751e8b465ee728b)
Start importing Assets/Warped City Assets/Artwork/ENVIRONMENT/background/skyline-a.png using Guid(85e3b366cc43a412eaea4abb85da0cd3) Importer(815301076,1909f56bfc062723c751e8b465ee728b)  -> (artifact id: 'fd2b1249eb97074c99f9274753975b8e') in 0.016150 seconds
  Import took 0.020293 seconds .

========================================================================
Received Import Request.
  Time since last request: 106.511129 seconds.
  path: Assets/Warped City Assets/Artwork/ENVIRONMENT/background/buildings-bg.png
  artifactKey: Guid(37d1bdb3e1de647ae915d01a2b7def15) Importer(815301076,1909f56bfc062723c751e8b465ee728b)
Start importing Assets/Warped City Assets/Artwork/ENVIRONMENT/background/buildings-bg.png using Guid(37d1bdb3e1de647ae915d01a2b7def15) Importer(815301076,1909f56bfc062723c751e8b465ee728b)  -> (artifact id: '5034b9dc1871fac06df8299a617535b9') in 0.014774 seconds
  Import took 0.019238 seconds .

========================================================================
Received Import Request.
  Time since last request: 0.000334 seconds.
  path: Assets/Warped City Assets/Artwork/ENVIRONMENT/background/near-buildings-bg.png
  artifactKey: Guid(8be56079f98104befaf15e67184d36f1) Importer(815301076,1909f56bfc062723c751e8b465ee728b)
Start importing Assets/Warped City Assets/Artwork/ENVIRONMENT/background/near-buildings-bg.png using Guid(8be56079f98104befaf15e67184d36f1) Importer(815301076,1909f56bfc062723c751e8b465ee728b)  -> (artifact id: 'ca9c159ad4828dc9725609349e1a2d1e') in 0.015617 seconds
  Import took 0.018854 seconds .

========================================================================
Received Import Request.
  Time since last request: 0.000415 seconds.
  path: Assets/Warped City Assets/Artwork/ENVIRONMENT/background/skyline-a.png
  artifactKey: Guid(85e3b366cc43a412eaea4abb85da0cd3) Importer(815301076,1909f56bfc062723c751e8b465ee728b)
Start importing Assets/Warped City Assets/Artwork/ENVIRONMENT/background/skyline-a.png using Guid(85e3b366cc43a412eaea4abb85da0cd3) Importer(815301076,1909f56bfc062723c751e8b465ee728b)  -> (artifact id: 'efdb672ce613d797ba95e56f92ef19d6') in 0.015786 seconds
  Import took 0.019006 seconds .

========================================================================
Received Import Request.
  Time since last request: 0.000364 seconds.
  path: Assets/Warped City Assets/Artwork/ENVIRONMENT/background/skyline-b.png
  artifactKey: Guid(224884cef4f9549dc8e494a2c3f6ee87) Importer(815301076,1909f56bfc062723c751e8b465ee728b)
Start importing Assets/Warped City Assets/Artwork/ENVIRONMENT/background/skyline-b.png using Guid(224884cef4f9549dc8e494a2c3f6ee87) Importer(815301076,1909f56bfc062723c751e8b465ee728b)  -> (artifact id: '886c7d17350c994c1a09e8fb6698e3f2') in 0.014789 seconds
  Import took 0.018245 seconds .

========================================================================
Received Import Request.
  Time since last request: 97.118925 seconds.
  path: Assets/Warped City Assets/Artwork/ENVIRONMENT/props/antenna.png
  artifactKey: Guid(7c2c0a20447e14bd0a4767191ddc7d72) Importer(815301076,1909f56bfc062723c751e8b465ee728b)
Start importing Assets/Warped City Assets/Artwork/ENVIRONMENT/props/antenna.png using Guid(7c2c0a20447e14bd0a4767191ddc7d72) Importer(815301076,1909f56bfc062723c751e8b465ee728b)  -> (artifact id: '9ebb997dd1a4591b9763e9d755206f18') in 0.013180 seconds
  Import took 0.016698 seconds .

========================================================================
Received Import Request.
  Time since last request: 0.000343 seconds.
  path: Assets/Warped City Assets/Artwork/ENVIRONMENT/props/banners.png
  artifactKey: Guid(3a52cc9a5ecd14d5aad2ba568f124b04) Importer(815301076,1909f56bfc062723c751e8b465ee728b)
Start importing Assets/Warped City Assets/Artwork/ENVIRONMENT/props/banners.png using Guid(3a52cc9a5ecd14d5aad2ba568f124b04) Importer(815301076,1909f56bfc062723c751e8b465ee728b)  -> (artifact id: 'faf09090adb7ff56cbd06f7de8d7aa0c') in 0.010849 seconds
  Import took 0.013727 seconds .

========================================================================
Received Import Request.
  Time since last request: 0.000333 seconds.
  path: Assets/Warped City Assets/Artwork/ENVIRONMENT/props/hotel-sign.png
  artifactKey: Guid(70fcf1bcc07324fbd9403a07682a2f88) Importer(815301076,1909f56bfc062723c751e8b465ee728b)
Start importing Assets/Warped City Assets/Artwork/ENVIRONMENT/props/hotel-sign.png using Guid(70fcf1bcc07324fbd9403a07682a2f88) Importer(815301076,1909f56bfc062723c751e8b465ee728b)  -> (artifact id: '5996d1804e1f00003aa999c0233215d6') in 0.021603 seconds
  Import took 0.143570 seconds .

========================================================================
Received Import Request.
  Time since last request: 0.000581 seconds.
  path: Assets/Warped City Assets/Artwork/ENVIRONMENT/props/control-box-2.png
  artifactKey: Guid(d886ba9ea1c0747f48bd6188b513f837) Importer(815301076,1909f56bfc062723c751e8b465ee728b)
Start importing Assets/Warped City Assets/Artwork/ENVIRONMENT/props/control-box-2.png using Guid(d886ba9ea1c0747f48bd6188b513f837) Importer(815301076,1909f56bfc062723c751e8b465ee728b)  -> (artifact id: '72d6984e91209980c26ad370a0745e9c') in 0.010434 seconds
  Import took 0.015107 seconds .

========================================================================
Received Import Request.
  Time since last request: 0.000536 seconds.
  path: Assets/Warped City Assets/Artwork/ENVIRONMENT/props/control-box-1.png
  artifactKey: Guid(166ee1a541de14030b238510ce729b13) Importer(815301076,1909f56bfc062723c751e8b465ee728b)
Start importing Assets/Warped City Assets/Artwork/ENVIRONMENT/props/control-box-1.png using Guid(166ee1a541de14030b238510ce729b13) Importer(815301076,1909f56bfc062723c751e8b465ee728b)  -> (artifact id: '3d5b9f8452038ff74c3e40ced23d27ca') in 0.010860 seconds
  Import took 0.036642 seconds .

========================================================================
Received Import Request.
  Time since last request: 0.000308 seconds.
  path: Assets/Warped City Assets/Artwork/ENVIRONMENT/props/banner-arrow.png
  artifactKey: Guid(f87454e6f046e4340b8ae4c03ebfa016) Importer(815301076,1909f56bfc062723c751e8b465ee728b)
Start importing Assets/Warped City Assets/Artwork/ENVIRONMENT/props/banner-arrow.png using Guid(f87454e6f046e4340b8ae4c03ebfa016) Importer(815301076,1909f56bfc062723c751e8b465ee728b)  -> (artifact id: '38279773b57dd6e76e302f7fda28ce4e') in 0.010904 seconds
  Import took 0.014880 seconds .

========================================================================
Received Import Request.
  Time since last request: 0.000584 seconds.
  path: Assets/Warped City Assets/Artwork/ENVIRONMENT/props/banner-small.png
  artifactKey: Guid(9edee812d1564448d9a52b0472611b90) Importer(815301076,1909f56bfc062723c751e8b465ee728b)
Start importing Assets/Warped City Assets/Artwork/ENVIRONMENT/props/banner-small.png using Guid(9edee812d1564448d9a52b0472611b90) Importer(815301076,1909f56bfc062723c751e8b465ee728b)  -> (artifact id: 'fc1ce0d9bcf1d7f5385260f064f0ecb9') in 0.011469 seconds
  Import took 0.015536 seconds .

========================================================================
Received Import Request.
  Time since last request: 0.000380 seconds.
  path: Assets/Warped City Assets/Artwork/ENVIRONMENT/props/control-box-3.png
  artifactKey: Guid(86504eb5fad8043ec87c8b72b000ca2c) Importer(815301076,1909f56bfc062723c751e8b465ee728b)
Start importing Assets/Warped City Assets/Artwork/ENVIRONMENT/props/control-box-3.png using Guid(86504eb5fad8043ec87c8b72b000ca2c) Importer(815301076,1909f56bfc062723c751e8b465ee728b)  -> (artifact id: '9771adc496da466bbd071dd4ec623cfa') in 0.013222 seconds
  Import took 0.017178 seconds .

========================================================================
Received Import Request.
  Time since last request: 0.000239 seconds.
  path: Assets/Warped City Assets/Artwork/ENVIRONMENT/props/banner-floor.png
  artifactKey: Guid(09d1aa2af774c4085b9f379c5092bf84) Importer(815301076,1909f56bfc062723c751e8b465ee728b)
Start importing Assets/Warped City Assets/Artwork/ENVIRONMENT/props/banner-floor.png using Guid(09d1aa2af774c4085b9f379c5092bf84) Importer(815301076,1909f56bfc062723c751e8b465ee728b)  -> (artifact id: '3aa7f160a73d0d0d7d61a84249cfb7a8') in 0.013972 seconds
  Import took 0.017544 seconds .

========================================================================
Received Import Request.
  Time since last request: 0.000503 seconds.
  path: Assets/Warped City Assets/Artwork/ENVIRONMENT/props/banner-open.png
  artifactKey: Guid(a9a2edcef3323439bbd444f77e2c66a6) Importer(815301076,1909f56bfc062723c751e8b465ee728b)
Start importing Assets/Warped City Assets/Artwork/ENVIRONMENT/props/banner-open.png using Guid(a9a2edcef3323439bbd444f77e2c66a6) Importer(815301076,1909f56bfc062723c751e8b465ee728b)  -> (artifact id: 'e0cd85019c7f425c2a6aa7322e29bd9d') in 0.017298 seconds
  Import took 0.020990 seconds .

========================================================================
Received Import Request.
  Time since last request: 406.989076 seconds.
  path: Assets/Warped City Assets/Artwork/ENVIRONMENT/props/banner-sushi/banner-sushi-1.png
  artifactKey: Guid(fe6890c81e672497f963f4b292a7050a) Importer(815301076,1909f56bfc062723c751e8b465ee728b)
Start importing Assets/Warped City Assets/Artwork/ENVIRONMENT/props/banner-sushi/banner-sushi-1.png using Guid(fe6890c81e672497f963f4b292a7050a) Importer(815301076,1909f56bfc062723c751e8b465ee728b)  -> (artifact id: '2510c90aa22ba995bd57a7093487c860') in 0.014874 seconds
  Import took 0.020113 seconds .

========================================================================
Received Import Request.
  Time since last request: 0.000302 seconds.
  path: Assets/Warped City Assets/Artwork/ENVIRONMENT/props/banner-sushi/banner-sushi-3.png
  artifactKey: Guid(40ff3ff28c63f46e2bc32f70a58a4401) Importer(815301076,1909f56bfc062723c751e8b465ee728b)
Start importing Assets/Warped City Assets/Artwork/ENVIRONMENT/props/banner-sushi/banner-sushi-3.png using Guid(40ff3ff28c63f46e2bc32f70a58a4401) Importer(815301076,1909f56bfc062723c751e8b465ee728b)  -> (artifact id: '52a65719b56e1209099d49b5232b8833') in 0.017669 seconds
  Import took 0.021661 seconds .

========================================================================
Received Import Request.
  Time since last request: 0.000603 seconds.
  path: Assets/Warped City Assets/Artwork/ENVIRONMENT/props/banner-sushi/banner-sushi-2.png
  artifactKey: Guid(ea1214dcca59c4b5aa083ef4f735407c) Importer(815301076,1909f56bfc062723c751e8b465ee728b)
Start importing Assets/Warped City Assets/Artwork/ENVIRONMENT/props/banner-sushi/banner-sushi-2.png using Guid(ea1214dcca59c4b5aa083ef4f735407c) Importer(815301076,1909f56bfc062723c751e8b465ee728b)  -> (artifact id: 'faa1b2b8cd1cd1bd1206d69295c2e282') in 0.016537 seconds
  Import took 0.019717 seconds .

========================================================================
Received Import Request.
  Time since last request: 1.332550 seconds.
  path: Assets/Warped City Assets/Artwork/ENVIRONMENT/props/banner-side/banner-side-1.png
  artifactKey: Guid(1423971c298b64565ac2014b97a82662) Importer(815301076,1909f56bfc062723c751e8b465ee728b)
Start importing Assets/Warped City Assets/Artwork/ENVIRONMENT/props/banner-side/banner-side-1.png using Guid(1423971c298b64565ac2014b97a82662) Importer(815301076,1909f56bfc062723c751e8b465ee728b)  -> (artifact id: '281ca4a0b41a51e90dbf0e4423423e23') in 0.013960 seconds
  Import took 0.018106 seconds .

========================================================================
Received Import Request.
  Time since last request: 0.000517 seconds.
  path: Assets/Warped City Assets/Artwork/ENVIRONMENT/props/banner-side/banner-side-2.png
  artifactKey: Guid(9b3027d3d57a94a07b8aed183f1dbfda) Importer(815301076,1909f56bfc062723c751e8b465ee728b)
Start importing Assets/Warped City Assets/Artwork/ENVIRONMENT/props/banner-side/banner-side-2.png using Guid(9b3027d3d57a94a07b8aed183f1dbfda) Importer(815301076,1909f56bfc062723c751e8b465ee728b)  -> (artifact id: '442f57af1369a984f5c2424dd52cdd80') in 0.012163 seconds
  Import took 0.016030 seconds .

========================================================================
Received Import Request.
  Time since last request: 0.000353 seconds.
  path: Assets/Warped City Assets/Artwork/ENVIRONMENT/props/banner-side/banner-side-4.png
  artifactKey: Guid(e20c9176086b94af3bdcf5158f6cfd8d) Importer(815301076,1909f56bfc062723c751e8b465ee728b)
Start importing Assets/Warped City Assets/Artwork/ENVIRONMENT/props/banner-side/banner-side-4.png using Guid(e20c9176086b94af3bdcf5158f6cfd8d) Importer(815301076,1909f56bfc062723c751e8b465ee728b)  -> (artifact id: '084b46ecfe7f00f7cb9cd3cf8c63f69c') in 0.012305 seconds
  Import took 0.016338 seconds .

========================================================================
Received Import Request.
  Time since last request: 0.000363 seconds.
  path: Assets/Warped City Assets/Artwork/ENVIRONMENT/props/banner-side/banner-side-3.png
  artifactKey: Guid(5420c579b50cd47158e6c73fdad1bd7b) Importer(815301076,1909f56bfc062723c751e8b465ee728b)
Start importing Assets/Warped City Assets/Artwork/ENVIRONMENT/props/banner-side/banner-side-3.png using Guid(5420c579b50cd47158e6c73fdad1bd7b) Importer(815301076,1909f56bfc062723c751e8b465ee728b)  -> (artifact id: '08eb8466f3036db7860e854cb1fa96ab') in 0.009691 seconds
  Import took 0.013761 seconds .

========================================================================
Received Import Request.
  Time since last request: 0.595439 seconds.
  path: Assets/Warped City Assets/Artwork/ENVIRONMENT/props/banner-scroll/banner-scroll-1.png
  artifactKey: Guid(4f540a6a2b820425d909a84e4650a499) Importer(815301076,1909f56bfc062723c751e8b465ee728b)
Start importing Assets/Warped City Assets/Artwork/ENVIRONMENT/props/banner-scroll/banner-scroll-1.png using Guid(4f540a6a2b820425d909a84e4650a499) Importer(815301076,1909f56bfc062723c751e8b465ee728b)  -> (artifact id: '23b3b0428f74fa324ac877dfb1885a4d') in 0.013978 seconds
  Import took 0.019267 seconds .

========================================================================
Received Import Request.
  Time since last request: 0.000385 seconds.
  path: Assets/Warped City Assets/Artwork/ENVIRONMENT/props/banner-scroll/banner-scroll-3.png
  artifactKey: Guid(10874c17f15914f2f95c00efdccf6907) Importer(815301076,1909f56bfc062723c751e8b465ee728b)
Start importing Assets/Warped City Assets/Artwork/ENVIRONMENT/props/banner-scroll/banner-scroll-3.png using Guid(10874c17f15914f2f95c00efdccf6907) Importer(815301076,1909f56bfc062723c751e8b465ee728b)  -> (artifact id: '86e24d620a91df55f08ab6725f3f48f5') in 0.010570 seconds
  Import took 0.014042 seconds .

========================================================================
Received Import Request.
  Time since last request: 0.000417 seconds.
  path: Assets/Warped City Assets/Artwork/ENVIRONMENT/props/banner-scroll/banner-scroll-4.png
  artifactKey: Guid(b84356a1060a54545adc0b90dd3a5141) Importer(815301076,1909f56bfc062723c751e8b465ee728b)
Start importing Assets/Warped City Assets/Artwork/ENVIRONMENT/props/banner-scroll/banner-scroll-4.png using Guid(b84356a1060a54545adc0b90dd3a5141) Importer(815301076,1909f56bfc062723c751e8b465ee728b)  -> (artifact id: '4c469f9fed458c7a693ea50370d27bd3') in 0.009834 seconds
  Import took 0.014204 seconds .

========================================================================
Received Import Request.
  Time since last request: 0.000460 seconds.
  path: Assets/Warped City Assets/Artwork/ENVIRONMENT/props/banner-scroll/banner-scroll-2.png
  artifactKey: Guid(ab86af47e722e4469aab2bcc38e6f6ee) Importer(815301076,1909f56bfc062723c751e8b465ee728b)
Start importing Assets/Warped City Assets/Artwork/ENVIRONMENT/props/banner-scroll/banner-scroll-2.png using Guid(ab86af47e722e4469aab2bcc38e6f6ee) Importer(815301076,1909f56bfc062723c751e8b465ee728b)  -> (artifact id: '9853c78d78d8b13805a1dcd393ea4bee') in 0.010257 seconds
  Import took 0.014383 seconds .

========================================================================
Received Import Request.
  Time since last request: 0.578700 seconds.
  path: Assets/Warped City Assets/Artwork/ENVIRONMENT/props/banner-neon/banner-neon-1.png
  artifactKey: Guid(651479cc07fa5423fb129d992873995b) Importer(815301076,1909f56bfc062723c751e8b465ee728b)
Start importing Assets/Warped City Assets/Artwork/ENVIRONMENT/props/banner-neon/banner-neon-1.png using Guid(651479cc07fa5423fb129d992873995b) Importer(815301076,1909f56bfc062723c751e8b465ee728b)  -> (artifact id: '04efa5026d5db62011230624f9e06934') in 0.011609 seconds
  Import took 0.015600 seconds .

========================================================================
Received Import Request.
  Time since last request: 0.000349 seconds.
  path: Assets/Warped City Assets/Artwork/ENVIRONMENT/props/banner-neon/banner-neon-4.png
  artifactKey: Guid(a0a3a0567001d4203bfdec3ec2095491) Importer(815301076,1909f56bfc062723c751e8b465ee728b)
Start importing Assets/Warped City Assets/Artwork/ENVIRONMENT/props/banner-neon/banner-neon-4.png using Guid(a0a3a0567001d4203bfdec3ec2095491) Importer(815301076,1909f56bfc062723c751e8b465ee728b)  -> (artifact id: '4b6ed27c90f4ea50024ac1b00ef395f5') in 0.009152 seconds
  Import took 0.012815 seconds .

========================================================================
Received Import Request.
  Time since last request: 0.000352 seconds.
  path: Assets/Warped City Assets/Artwork/ENVIRONMENT/props/banner-neon/banner-neon-2.png
  artifactKey: Guid(724ba19574b4b41399100a70044d62e7) Importer(815301076,1909f56bfc062723c751e8b465ee728b)
Start importing Assets/Warped City Assets/Artwork/ENVIRONMENT/props/banner-neon/banner-neon-2.png using Guid(724ba19574b4b41399100a70044d62e7) Importer(815301076,1909f56bfc062723c751e8b465ee728b)  -> (artifact id: '60ec08f7926ca28816be08b81d3f5714') in 0.012842 seconds
  Import took 0.016296 seconds .

========================================================================
Received Import Request.
  Time since last request: 0.000375 seconds.
  path: Assets/Warped City Assets/Artwork/ENVIRONMENT/props/banner-neon/banner-neon-3.png
  artifactKey: Guid(ec31b0297eee742efaa7251fb981fa42) Importer(815301076,1909f56bfc062723c751e8b465ee728b)
Start importing Assets/Warped City Assets/Artwork/ENVIRONMENT/props/banner-neon/banner-neon-3.png using Guid(ec31b0297eee742efaa7251fb981fa42) Importer(815301076,1909f56bfc062723c751e8b465ee728b)  -> (artifact id: 'aefcd0d1895360dabc5ab11125ea5ffa') in 0.086015 seconds
  Import took 0.089733 seconds .

========================================================================
Received Import Request.
  Time since last request: 0.434246 seconds.
  path: Assets/Warped City Assets/Artwork/ENVIRONMENT/props/banner-coke/banner-coke-1.png
  artifactKey: Guid(88271ef8cb2f844a59750124ca3106a2) Importer(815301076,1909f56bfc062723c751e8b465ee728b)
Start importing Assets/Warped City Assets/Artwork/ENVIRONMENT/props/banner-coke/banner-coke-1.png using Guid(88271ef8cb2f844a59750124ca3106a2) Importer(815301076,1909f56bfc062723c751e8b465ee728b)  -> (artifact id: 'd8b4f63741db1e0d4966aa380921753f') in 0.010472 seconds
  Import took 0.013642 seconds .

========================================================================
Received Import Request.
  Time since last request: 0.000338 seconds.
  path: Assets/Warped City Assets/Artwork/ENVIRONMENT/props/banner-coke/banner-coke-3.png
  artifactKey: Guid(f1d96a02791e840bfa329a4a5b5b8f14) Importer(815301076,1909f56bfc062723c751e8b465ee728b)
Start importing Assets/Warped City Assets/Artwork/ENVIRONMENT/props/banner-coke/banner-coke-3.png using Guid(f1d96a02791e840bfa329a4a5b5b8f14) Importer(815301076,1909f56bfc062723c751e8b465ee728b)  -> (artifact id: '21e29a26aa136883e489d0862e4e0bb4') in 0.008587 seconds
  Import took 0.015012 seconds .

========================================================================
Received Import Request.
  Time since last request: 0.000473 seconds.
  path: Assets/Warped City Assets/Artwork/ENVIRONMENT/props/banner-coke/banner-coke-2.png
  artifactKey: Guid(c3b5f35ae691e4d719d7c458b48c7c28) Importer(815301076,1909f56bfc062723c751e8b465ee728b)
Start importing Assets/Warped City Assets/Artwork/ENVIRONMENT/props/banner-coke/banner-coke-2.png using Guid(c3b5f35ae691e4d719d7c458b48c7c28) Importer(815301076,1909f56bfc062723c751e8b465ee728b)  -> (artifact id: '28bc0bc80c23ca9b7ee53cef1b2aa690') in 0.012777 seconds
  Import took 0.016210 seconds .

========================================================================
Received Import Request.
  Time since last request: 0.448658 seconds.
  path: Assets/Warped City Assets/Artwork/ENVIRONMENT/props/banner-big/banner-big-1.png
  artifactKey: Guid(4db7d20bea57942e9bc03f26f30c64a5) Importer(815301076,1909f56bfc062723c751e8b465ee728b)
Start importing Assets/Warped City Assets/Artwork/ENVIRONMENT/props/banner-big/banner-big-1.png using Guid(4db7d20bea57942e9bc03f26f30c64a5) Importer(815301076,1909f56bfc062723c751e8b465ee728b)  -> (artifact id: '7750ed328b1b3f33710305a86151ebb4') in 0.011643 seconds
  Import took 0.014830 seconds .

========================================================================
Received Import Request.
  Time since last request: 0.000417 seconds.
  path: Assets/Warped City Assets/Artwork/ENVIRONMENT/props/banner-big/banner-big-3.png
  artifactKey: Guid(0a6ca078b274e43859b20657ebda9a05) Importer(815301076,1909f56bfc062723c751e8b465ee728b)
Start importing Assets/Warped City Assets/Artwork/ENVIRONMENT/props/banner-big/banner-big-3.png using Guid(0a6ca078b274e43859b20657ebda9a05) Importer(815301076,1909f56bfc062723c751e8b465ee728b)  -> (artifact id: 'ac7efce63f3401903c98dfc173e01245') in 0.010542 seconds
  Import took 0.013972 seconds .

========================================================================
Received Import Request.
  Time since last request: 0.000303 seconds.
  path: Assets/Warped City Assets/Artwork/ENVIRONMENT/props/banner-big/banner-big-4.png
  artifactKey: Guid(0f306fd9e5e6f446f8448898b82634b8) Importer(815301076,1909f56bfc062723c751e8b465ee728b)
Start importing Assets/Warped City Assets/Artwork/ENVIRONMENT/props/banner-big/banner-big-4.png using Guid(0f306fd9e5e6f446f8448898b82634b8) Importer(815301076,1909f56bfc062723c751e8b465ee728b)  -> (artifact id: 'cebbc3da1f02498242c314d4a1160c46') in 0.017835 seconds
  Import took 0.021929 seconds .

========================================================================
Received Import Request.
  Time since last request: 0.000341 seconds.
  path: Assets/Warped City Assets/Artwork/ENVIRONMENT/props/banner-big/banner-big-2.png
  artifactKey: Guid(55e98b85e57fe472fa74b40d9b61538b) Importer(815301076,1909f56bfc062723c751e8b465ee728b)
Start importing Assets/Warped City Assets/Artwork/ENVIRONMENT/props/banner-big/banner-big-2.png using Guid(55e98b85e57fe472fa74b40d9b61538b) Importer(815301076,1909f56bfc062723c751e8b465ee728b)  -> (artifact id: '29913b8605844800c6112960d5d4f152') in 0.011428 seconds
  Import took 0.041253 seconds .

========================================================================
Received Import Request.
  Time since last request: 7.214000 seconds.
  path: Assets/Warped City Assets/Artwork/SPRITES/misc/drone/drone-1.png
  artifactKey: Guid(a1fc1786c427341769dba6c83feadde4) Importer(815301076,1909f56bfc062723c751e8b465ee728b)
Start importing Assets/Warped City Assets/Artwork/SPRITES/misc/drone/drone-1.png using Guid(a1fc1786c427341769dba6c83feadde4) Importer(815301076,1909f56bfc062723c751e8b465ee728b)  -> (artifact id: '4c410c2a59604c9c12cd08c402d32e00') in 0.012882 seconds
  Import took 0.016540 seconds .

========================================================================
Received Import Request.
  Time since last request: 0.000285 seconds.
  path: Assets/Warped City Assets/Artwork/SPRITES/misc/drone/drone-4.png
  artifactKey: Guid(f579fd21158db4b9caa8430de17d94e2) Importer(815301076,1909f56bfc062723c751e8b465ee728b)
Start importing Assets/Warped City Assets/Artwork/SPRITES/misc/drone/drone-4.png using Guid(f579fd21158db4b9caa8430de17d94e2) Importer(815301076,1909f56bfc062723c751e8b465ee728b)  -> (artifact id: '4a1654dfc535c11fa716cb68a7b25eaa') in 0.016117 seconds
  Import took 0.019603 seconds .

========================================================================
Received Import Request.
  Time since last request: 0.000391 seconds.
  path: Assets/Warped City Assets/Artwork/SPRITES/misc/drone/drone-2.png
  artifactKey: Guid(f911be1073fbd40da8ffc0c33983b5e4) Importer(815301076,1909f56bfc062723c751e8b465ee728b)
Start importing Assets/Warped City Assets/Artwork/SPRITES/misc/drone/drone-2.png using Guid(f911be1073fbd40da8ffc0c33983b5e4) Importer(815301076,1909f56bfc062723c751e8b465ee728b)  -> (artifact id: '12125d9ab64f52199e7315c5daafc065') in 0.014806 seconds
  Import took 0.018369 seconds .

========================================================================
Received Import Request.
  Time since last request: 0.000423 seconds.
  path: Assets/Warped City Assets/Artwork/SPRITES/misc/drone/drone-3.png
  artifactKey: Guid(4040d1bf6a141427f85f43f7b555de63) Importer(815301076,1909f56bfc062723c751e8b465ee728b)
Start importing Assets/Warped City Assets/Artwork/SPRITES/misc/drone/drone-3.png using Guid(4040d1bf6a141427f85f43f7b555de63) Importer(815301076,1909f56bfc062723c751e8b465ee728b)  -> (artifact id: '5aa8b46d4a8c8275f0dd192ac6bfc68c') in 0.031987 seconds
  Import took 0.037575 seconds .

========================================================================
Received Import Request.
  Time since last request: 0.355584 seconds.
  path: Assets/Warped City Assets/Artwork/SPRITES/misc/enemy-explosion/enemy-explosion-1.png
  artifactKey: Guid(6f962f3b4e75746d496c3010cd39cea5) Importer(815301076,1909f56bfc062723c751e8b465ee728b)
Start importing Assets/Warped City Assets/Artwork/SPRITES/misc/enemy-explosion/enemy-explosion-1.png using Guid(6f962f3b4e75746d496c3010cd39cea5) Importer(815301076,1909f56bfc062723c751e8b465ee728b)  -> (artifact id: 'a6a001ae60d6019903fa70eebece3aa4') in 0.011630 seconds
  Import took 0.014913 seconds .

========================================================================
Received Import Request.
  Time since last request: 0.000305 seconds.
  path: Assets/Warped City Assets/Artwork/SPRITES/misc/enemy-explosion/enemy-explosion-6.png
  artifactKey: Guid(f2918979de862409cbf2089f7fd99bc6) Importer(815301076,1909f56bfc062723c751e8b465ee728b)
Start importing Assets/Warped City Assets/Artwork/SPRITES/misc/enemy-explosion/enemy-explosion-6.png using Guid(f2918979de862409cbf2089f7fd99bc6) Importer(815301076,1909f56bfc062723c751e8b465ee728b)  -> (artifact id: '09edeb6d11731943327074ec588a86ac') in 0.016941 seconds
  Import took 0.021687 seconds .

========================================================================
Received Import Request.
  Time since last request: 0.000270 seconds.
  path: Assets/Warped City Assets/Artwork/SPRITES/misc/enemy-explosion/enemy-explosion-4.png
  artifactKey: Guid(b5fe33b9056c44d249e9b8fc43b6dd1e) Importer(815301076,1909f56bfc062723c751e8b465ee728b)
Start importing Assets/Warped City Assets/Artwork/SPRITES/misc/enemy-explosion/enemy-explosion-4.png using Guid(b5fe33b9056c44d249e9b8fc43b6dd1e) Importer(815301076,1909f56bfc062723c751e8b465ee728b)  -> (artifact id: '20920edeca6a3624e6b23171e8ad91c1') in 0.016852 seconds
  Import took 0.021359 seconds .

========================================================================
Received Import Request.
  Time since last request: 0.000308 seconds.
  path: Assets/Warped City Assets/Artwork/SPRITES/misc/enemy-explosion/enemy-explosion-5.png
  artifactKey: Guid(afb130b24c5274a6182bb53c0d12e23f) Importer(815301076,1909f56bfc062723c751e8b465ee728b)
Start importing Assets/Warped City Assets/Artwork/SPRITES/misc/enemy-explosion/enemy-explosion-5.png using Guid(afb130b24c5274a6182bb53c0d12e23f) Importer(815301076,1909f56bfc062723c751e8b465ee728b)  -> (artifact id: '348e20f5c75e2c10def36275b663d836') in 0.011509 seconds
  Import took 0.014877 seconds .

========================================================================
Received Import Request.
  Time since last request: 0.000627 seconds.
  path: Assets/Warped City Assets/Artwork/SPRITES/misc/enemy-explosion/enemy-explosion-2.png
  artifactKey: Guid(e4816b76c47974b188075a4a37fbe55a) Importer(815301076,1909f56bfc062723c751e8b465ee728b)
Start importing Assets/Warped City Assets/Artwork/SPRITES/misc/enemy-explosion/enemy-explosion-2.png using Guid(e4816b76c47974b188075a4a37fbe55a) Importer(815301076,1909f56bfc062723c751e8b465ee728b)  -> (artifact id: '95f1c0498ae0baefeb0298da47373e8d') in 0.017087 seconds
  Import took 0.021142 seconds .

========================================================================
Received Import Request.
  Time since last request: 0.000313 seconds.
  path: Assets/Warped City Assets/Artwork/SPRITES/misc/enemy-explosion/enemy-explosion-3.png
  artifactKey: Guid(7ef35a73885d14f1ab8f0925880a2af4) Importer(815301076,1909f56bfc062723c751e8b465ee728b)
Start importing Assets/Warped City Assets/Artwork/SPRITES/misc/enemy-explosion/enemy-explosion-3.png using Guid(7ef35a73885d14f1ab8f0925880a2af4) Importer(815301076,1909f56bfc062723c751e8b465ee728b)  -> (artifact id: '5a39480573e67ae9133bf772a5e0a315') in 0.013825 seconds
  Import took 0.017028 seconds .

========================================================================
Received Import Request.
  Time since last request: 0.377642 seconds.
  path: Assets/Warped City Assets/Artwork/SPRITES/misc/shot/shot-1.png
  artifactKey: Guid(469f84998bda44331b9ac0072ec475ce) Importer(815301076,1909f56bfc062723c751e8b465ee728b)
Start importing Assets/Warped City Assets/Artwork/SPRITES/misc/shot/shot-1.png using Guid(469f84998bda44331b9ac0072ec475ce) Importer(815301076,1909f56bfc062723c751e8b465ee728b)  -> (artifact id: 'a764ab79fc1edccaeef1326e66fa3158') in 0.009923 seconds
  Import took 0.014762 seconds .

========================================================================
Received Import Request.
  Time since last request: 0.000292 seconds.
  path: Assets/Warped City Assets/Artwork/SPRITES/misc/shot/shot-2.png
  artifactKey: Guid(459f16e72cf7847d0b60fed8fd249a54) Importer(815301076,1909f56bfc062723c751e8b465ee728b)
Start importing Assets/Warped City Assets/Artwork/SPRITES/misc/shot/shot-2.png using Guid(459f16e72cf7847d0b60fed8fd249a54) Importer(815301076,1909f56bfc062723c751e8b465ee728b)  -> (artifact id: '8b3cb516e79941cdd284d61fc81f1046') in 0.008816 seconds
  Import took 0.012611 seconds .

========================================================================
Received Import Request.
  Time since last request: 0.000339 seconds.
  path: Assets/Warped City Assets/Artwork/SPRITES/misc/shot/shot-3.png
  artifactKey: Guid(d60765fdce94e4883ae3df53307278b4) Importer(815301076,1909f56bfc062723c751e8b465ee728b)
Start importing Assets/Warped City Assets/Artwork/SPRITES/misc/shot/shot-3.png using Guid(d60765fdce94e4883ae3df53307278b4) Importer(815301076,1909f56bfc062723c751e8b465ee728b)  -> (artifact id: '83e486eb63b37413e345c6b064ac52c8') in 0.010124 seconds
  Import took 0.013680 seconds .

========================================================================
Received Import Request.
  Time since last request: 0.333021 seconds.
  path: Assets/Warped City Assets/Artwork/SPRITES/misc/shot-hit/shot-hit-1.png
  artifactKey: Guid(74b1f2f65f5d54fb79d714a16652e720) Importer(815301076,1909f56bfc062723c751e8b465ee728b)
Start importing Assets/Warped City Assets/Artwork/SPRITES/misc/shot-hit/shot-hit-1.png using Guid(74b1f2f65f5d54fb79d714a16652e720) Importer(815301076,1909f56bfc062723c751e8b465ee728b)  -> (artifact id: '321c13dbf9c66321e6b77539656f6208') in 0.013068 seconds
  Import took 0.016493 seconds .

========================================================================
Received Import Request.
  Time since last request: 0.000348 seconds.
  path: Assets/Warped City Assets/Artwork/SPRITES/misc/shot-hit/shot-hit-3.png
  artifactKey: Guid(0c376fba3cf5246948d64bdaeca77f0e) Importer(815301076,1909f56bfc062723c751e8b465ee728b)
Start importing Assets/Warped City Assets/Artwork/SPRITES/misc/shot-hit/shot-hit-3.png using Guid(0c376fba3cf5246948d64bdaeca77f0e) Importer(815301076,1909f56bfc062723c751e8b465ee728b)  -> (artifact id: '8efd6ede86a00a1a9776b43cd2b78a6a') in 0.010627 seconds
  Import took 0.014233 seconds .

========================================================================
Received Import Request.
  Time since last request: 0.000413 seconds.
  path: Assets/Warped City Assets/Artwork/SPRITES/misc/shot-hit/shot-hit-2.png
  artifactKey: Guid(75d0429ae97dd41bb9b262149a4687a4) Importer(815301076,1909f56bfc062723c751e8b465ee728b)
Start importing Assets/Warped City Assets/Artwork/SPRITES/misc/shot-hit/shot-hit-2.png using Guid(75d0429ae97dd41bb9b262149a4687a4) Importer(815301076,1909f56bfc062723c751e8b465ee728b)  -> (artifact id: '8380d2d6c792d266f69815c78ff4cb6c') in 0.019972 seconds
  Import took 0.023560 seconds .

========================================================================
Received Import Request.
  Time since last request: 0.526245 seconds.
  path: Assets/Warped City Assets/Artwork/SPRITES/misc/turret/turret-1.png
  artifactKey: Guid(7880821ae0e694ff185fd812fdbe7efd) Importer(815301076,1909f56bfc062723c751e8b465ee728b)
Start importing Assets/Warped City Assets/Artwork/SPRITES/misc/turret/turret-1.png using Guid(7880821ae0e694ff185fd812fdbe7efd) Importer(815301076,1909f56bfc062723c751e8b465ee728b)  -> (artifact id: '922dda55e3a5c7849622664792e0d07e') in 0.011871 seconds
  Import took 0.016689 seconds .

========================================================================
Received Import Request.
  Time since last request: 0.000370 seconds.
  path: Assets/Warped City Assets/Artwork/SPRITES/misc/turret/turret-3.png
  artifactKey: Guid(466175ec6a63a4521b7b6e316d3a83d8) Importer(815301076,1909f56bfc062723c751e8b465ee728b)
Start importing Assets/Warped City Assets/Artwork/SPRITES/misc/turret/turret-3.png using Guid(466175ec6a63a4521b7b6e316d3a83d8) Importer(815301076,1909f56bfc062723c751e8b465ee728b)  -> (artifact id: 'a925b6605de8262343c9f703a9cdca14') in 0.012451 seconds
  Import took 0.016203 seconds .

========================================================================
Received Import Request.
  Time since last request: 0.000311 seconds.
  path: Assets/Warped City Assets/Artwork/SPRITES/misc/turret/turret-4.png
  artifactKey: Guid(8cf2a4671b41242b68079af4326777e8) Importer(815301076,1909f56bfc062723c751e8b465ee728b)
Start importing Assets/Warped City Assets/Artwork/SPRITES/misc/turret/turret-4.png using Guid(8cf2a4671b41242b68079af4326777e8) Importer(815301076,1909f56bfc062723c751e8b465ee728b)  -> (artifact id: '63371245aa1b5416bd326b9c321c84b4') in 0.010548 seconds
  Import took 0.045505 seconds .

========================================================================
Received Import Request.
  Time since last request: 0.000276 seconds.
  path: Assets/Warped City Assets/Artwork/SPRITES/misc/turret/turret-5.png
  artifactKey: Guid(b2303cbe932344ac6a18c0bd485d726b) Importer(815301076,1909f56bfc062723c751e8b465ee728b)
Start importing Assets/Warped City Assets/Artwork/SPRITES/misc/turret/turret-5.png using Guid(b2303cbe932344ac6a18c0bd485d726b) Importer(815301076,1909f56bfc062723c751e8b465ee728b)  -> (artifact id: '985cb900bacccc1209455adbdea25285') in 0.017772 seconds
  Import took 0.021221 seconds .

========================================================================
Received Import Request.
  Time since last request: 0.000265 seconds.
  path: Assets/Warped City Assets/Artwork/SPRITES/misc/turret/turret-6.png
  artifactKey: Guid(7d2f186d51f4b488d813112ca0e3ccb1) Importer(815301076,1909f56bfc062723c751e8b465ee728b)
Start importing Assets/Warped City Assets/Artwork/SPRITES/misc/turret/turret-6.png using Guid(7d2f186d51f4b488d813112ca0e3ccb1) Importer(815301076,1909f56bfc062723c751e8b465ee728b)  -> (artifact id: '3978b6c09fc35aa7f845cf3b0d089bd1') in 0.014020 seconds
  Import took 0.017797 seconds .

========================================================================
Received Import Request.
  Time since last request: 0.000304 seconds.
  path: Assets/Warped City Assets/Artwork/SPRITES/misc/turret/turret-2.png
  artifactKey: Guid(2d5cb69ed60674e4e9778e5b93a72647) Importer(815301076,1909f56bfc062723c751e8b465ee728b)
Start importing Assets/Warped City Assets/Artwork/SPRITES/misc/turret/turret-2.png using Guid(2d5cb69ed60674e4e9778e5b93a72647) Importer(815301076,1909f56bfc062723c751e8b465ee728b)  -> (artifact id: '558f871d39b5241bda0f3b6774a5bc58') in 0.024673 seconds
  Import took 0.029608 seconds .

========================================================================
Received Import Request.
  Time since last request: 49.841635 seconds.
  path: Assets/Warped City Assets/Artwork/ENVIRONMENT/tileset.png
  artifactKey: Guid(e08e6a2f34edd4a7db4285eeddef84a8) Importer(815301076,1909f56bfc062723c751e8b465ee728b)
Start importing Assets/Warped City Assets/Artwork/ENVIRONMENT/tileset.png using Guid(e08e6a2f34edd4a7db4285eeddef84a8) Importer(815301076,1909f56bfc062723c751e8b465ee728b)  -> (artifact id: 'e3fae77cd059f95dbd614d7b0b408ba1') in 0.016725 seconds
  Import took 0.020034 seconds .

========================================================================
Received Import Request.
  Time since last request: 19.446102 seconds.
  path: Assets/Warped City Assets/Artwork/ENVIRONMENT/props
  artifactKey: Guid(b54c8a11f7dfc49c4b4a393c9bc860db) Importer(815301076,1909f56bfc062723c751e8b465ee728b)
Start importing Assets/Warped City Assets/Artwork/ENVIRONMENT/props using Guid(b54c8a11f7dfc49c4b4a393c9bc860db) Importer(815301076,1909f56bfc062723c751e8b465ee728b)  -> (artifact id: 'd679996bb7a5489c34e803ee20c16d22') in 0.003522 seconds
  Import took 0.007660 seconds .

========================================================================
Received Import Request.
  Time since last request: 12.064964 seconds.
  path: Assets/Warped City Assets/Artwork/ENVIRONMENT/props/monitorface/monitor-face-1.png
  artifactKey: Guid(448d3aba5d2244712a8acb1c7c051c68) Importer(815301076,1909f56bfc062723c751e8b465ee728b)
Start importing Assets/Warped City Assets/Artwork/ENVIRONMENT/props/monitorface/monitor-face-1.png using Guid(448d3aba5d2244712a8acb1c7c051c68) Importer(815301076,1909f56bfc062723c751e8b465ee728b)  -> (artifact id: 'ede94d02626b870189832a21e9828c3f') in 0.015935 seconds
  Import took 0.020369 seconds .

========================================================================
Received Import Request.
  Time since last request: 0.000266 seconds.
  path: Assets/Warped City Assets/Artwork/ENVIRONMENT/props/monitorface/monitor-face-3.png
  artifactKey: Guid(71da76ca76c9c4c02b2e1f45b2c35dc1) Importer(815301076,1909f56bfc062723c751e8b465ee728b)
Start importing Assets/Warped City Assets/Artwork/ENVIRONMENT/props/monitorface/monitor-face-3.png using Guid(71da76ca76c9c4c02b2e1f45b2c35dc1) Importer(815301076,1909f56bfc062723c751e8b465ee728b)  -> (artifact id: '62a0b72fc696a2efbdfb6c6ea42dc23d') in 0.015724 seconds
  Import took 0.020237 seconds .

========================================================================
Received Import Request.
  Time since last request: 0.000565 seconds.
  path: Assets/Warped City Assets/Artwork/ENVIRONMENT/props/monitorface/monitor-face-4.png
  artifactKey: Guid(5d3bcf9bd7a3c484d9a14a2502432dc2) Importer(815301076,1909f56bfc062723c751e8b465ee728b)
Start importing Assets/Warped City Assets/Artwork/ENVIRONMENT/props/monitorface/monitor-face-4.png using Guid(5d3bcf9bd7a3c484d9a14a2502432dc2) Importer(815301076,1909f56bfc062723c751e8b465ee728b)  -> (artifact id: '1915b3865050febdd22614af8e55fb33') in 0.089218 seconds
  Import took 0.093977 seconds .

========================================================================
Received Import Request.
  Time since last request: 0.000686 seconds.
  path: Assets/Warped City Assets/Artwork/ENVIRONMENT/props/monitorface/monitor-face-2.png
  artifactKey: Guid(38b39d9e9f64d462a9ad0da114db0656) Importer(815301076,1909f56bfc062723c751e8b465ee728b)
Start importing Assets/Warped City Assets/Artwork/ENVIRONMENT/props/monitorface/monitor-face-2.png using Guid(38b39d9e9f64d462a9ad0da114db0656) Importer(815301076,1909f56bfc062723c751e8b465ee728b)  -> (artifact id: 'c7057e0c160224b9306acc5bf0889518') in 0.016823 seconds
  Import took 0.021514 seconds .

========================================================================
Received Import Request.
  Time since last request: 117.245536 seconds.
  path: Assets/Warped City Assets/Artwork/SPRITES/vehicles/v-police.png
  artifactKey: Guid(024ffe66a86ec4801aa4ec8eb8c4d942) Importer(815301076,1909f56bfc062723c751e8b465ee728b)
Start importing Assets/Warped City Assets/Artwork/SPRITES/vehicles/v-police.png using Guid(024ffe66a86ec4801aa4ec8eb8c4d942) Importer(815301076,1909f56bfc062723c751e8b465ee728b)  -> (artifact id: '677e1c202b2d822dc6ec650749f83122') in 0.021570 seconds
  Import took 0.025861 seconds .

========================================================================
Received Import Request.
  Time since last request: 0.000262 seconds.
  path: Assets/Warped City Assets/Artwork/SPRITES/vehicles/v-red.png
  artifactKey: Guid(113cf788bf3b34f92a427972d3958986) Importer(815301076,1909f56bfc062723c751e8b465ee728b)
Start importing Assets/Warped City Assets/Artwork/SPRITES/vehicles/v-red.png using Guid(113cf788bf3b34f92a427972d3958986) Importer(815301076,1909f56bfc062723c751e8b465ee728b)  -> (artifact id: 'b4f8ef968f29b2edc14ca49ffafc03b1') in 0.013536 seconds
  Import took 0.018022 seconds .

========================================================================
Received Import Request.
  Time since last request: 0.000433 seconds.
  path: Assets/Warped City Assets/Artwork/SPRITES/vehicles/v-yellow.png
  artifactKey: Guid(7da37e84137ad4a2c8c204284c5dc000) Importer(815301076,1909f56bfc062723c751e8b465ee728b)
Start importing Assets/Warped City Assets/Artwork/SPRITES/vehicles/v-yellow.png using Guid(7da37e84137ad4a2c8c204284c5dc000) Importer(815301076,1909f56bfc062723c751e8b465ee728b)  -> (artifact id: '7497605a491f41b690649e7b26761844') in 0.019113 seconds
  Import took 0.023690 seconds .

========================================================================
Received Import Request.
  Time since last request: 0.000461 seconds.
  path: Assets/Warped City Assets/Artwork/SPRITES/vehicles/v-truck.png
  artifactKey: Guid(7dcf9689e6bb9415aa01184ca305c8dd) Importer(815301076,1909f56bfc062723c751e8b465ee728b)
Start importing Assets/Warped City Assets/Artwork/SPRITES/vehicles/v-truck.png using Guid(7dcf9689e6bb9415aa01184ca305c8dd) Importer(815301076,1909f56bfc062723c751e8b465ee728b)  -> (artifact id: 'bb2ea15b0c1e162068f8afbe64da4b81') in 0.028185 seconds
  Import took 0.033267 seconds .

========================================================================
Received Import Request.
  Time since last request: 4.333431 seconds.
  path: Assets/Scenes/EscenaJuego.unity
  artifactKey: Guid(2cda990e2423bbf4892e6590ba056729) Importer(815301076,1909f56bfc062723c751e8b465ee728b)
Start importing Assets/Scenes/EscenaJuego.unity using Guid(2cda990e2423bbf4892e6590ba056729) Importer(815301076,1909f56bfc062723c751e8b465ee728b)  -> (artifact id: 'cfe15e954b1c3d01254f833294444214') in 0.008658 seconds
  Import took 0.015011 seconds .

========================================================================
Received Import Request.
  Time since last request: 0.004777 seconds.
  path: Assets/Scenes/EscenaJuego.unity
  artifactKey: Guid(2cda990e2423bbf4892e6590ba056729) Importer(815301076,1909f56bfc062723c751e8b465ee728b)
Start importing Assets/Scenes/EscenaJuego.unity using Guid(2cda990e2423bbf4892e6590ba056729) Importer(815301076,1909f56bfc062723c751e8b465ee728b)  -> (artifact id: 'cfe15e954b1c3d01254f833294444214') in 0.002766 seconds
  Import took 0.008882 seconds .

========================================================================
Received Import Request.
  Time since last request: 40.181875 seconds.
  path: Assets/Warped City Assets/Artwork/ENVIRONMENT/tileset.png
  artifactKey: Guid(e08e6a2f34edd4a7db4285eeddef84a8) Importer(815301076,1909f56bfc062723c751e8b465ee728b)
Start importing Assets/Warped City Assets/Artwork/ENVIRONMENT/tileset.png using Guid(e08e6a2f34edd4a7db4285eeddef84a8) Importer(815301076,1909f56bfc062723c751e8b465ee728b)  -> (artifact id: 'e975345eefa6553b38c6d68293c2357f') in 0.025787 seconds
  Import took 0.032070 seconds .

========================================================================
Received Import Request.
  Time since last request: 9.396937 seconds.
  path: Assets/Warped City Assets/Artwork/ENVIRONMENT/tileset.png
  artifactKey: Guid(e08e6a2f34edd4a7db4285eeddef84a8) Importer(815301076,1909f56bfc062723c751e8b465ee728b)
Start importing Assets/Warped City Assets/Artwork/ENVIRONMENT/tileset.png using Guid(e08e6a2f34edd4a7db4285eeddef84a8) Importer(815301076,1909f56bfc062723c751e8b465ee728b)  -> (artifact id: '4d90995b313901817adecfb5516dccee') in 0.112974 seconds
  Import took 0.118571 seconds .

========================================================================
Received Import Request.
  Time since last request: 352.072488 seconds.
  path: Assets/TilePalets
  artifactKey: Guid(ed265bb7c6c43b746a20871c9a95ef77) Importer(815301076,1909f56bfc062723c751e8b465ee728b)
Start importing Assets/TilePalets using Guid(ed265bb7c6c43b746a20871c9a95ef77) Importer(815301076,1909f56bfc062723c751e8b465ee728b)  -> (artifact id: '0246564fde2daaa6b6510f3716e1374b') in 0.003559 seconds
  Import took 0.008692 seconds .

========================================================================
Received Import Request.
  Time since last request: 5.474824 seconds.
  path: Assets/Paletas
  artifactKey: Guid(f8534eb1c5219dd42abe268b2e7558a1) Importer(815301076,1909f56bfc062723c751e8b465ee728b)
Start importing Assets/Paletas using Guid(f8534eb1c5219dd42abe268b2e7558a1) Importer(815301076,1909f56bfc062723c751e8b465ee728b)  -> (artifact id: '6d7cc2ebcb248ec4d871d34819af7987') in 0.003315 seconds
  Import took 0.007310 seconds .

========================================================================
Received Import Request.
  Time since last request: 688.795193 seconds.
  path: Assets/Warped City Assets/Artwork/ENVIRONMENT/tileset.png
  artifactKey: Guid(e08e6a2f34edd4a7db4285eeddef84a8) Importer(815301076,1909f56bfc062723c751e8b465ee728b)
Start importing Assets/Warped City Assets/Artwork/ENVIRONMENT/tileset.png using Guid(e08e6a2f34edd4a7db4285eeddef84a8) Importer(815301076,1909f56bfc062723c751e8b465ee728b)  -> (artifact id: '2b2c38e1232ee73c4d3642fd69dd7db7') in 0.085335 seconds
  Import took 0.089924 seconds .

========================================================================
Received Import Request.
  Time since last request: 171.411319 seconds.
  path: Assets/TilePalets/CityPalet.prefab
  artifactKey: Guid(da5b6c8a7761bc248a38eb2ec68d93d1) Importer(815301076,1909f56bfc062723c751e8b465ee728b)
Start importing Assets/TilePalets/CityPalet.prefab using Guid(da5b6c8a7761bc248a38eb2ec68d93d1) Importer(815301076,1909f56bfc062723c751e8b465ee728b)  -> (artifact id: '74ecbade7a27e2b82af0afb4d47114dc') in 0.171246 seconds
  Import took 0.174710 seconds .

========================================================================
Received Import Request.
  Time since last request: 0.000271 seconds.
  path: Assets/TilePalets/tileset_4 1.asset
  artifactKey: Guid(ea91cb3dcb8846040abe22b11b3ebacb) Importer(815301076,1909f56bfc062723c751e8b465ee728b)
Start importing Assets/TilePalets/tileset_4 1.asset using Guid(ea91cb3dcb8846040abe22b11b3ebacb) Importer(815301076,1909f56bfc062723c751e8b465ee728b)  -> (artifact id: '5865c6fd60fce132cd8a41efac7c7afa') in 0.129432 seconds
  Import took 0.133030 seconds .

========================================================================
Received Import Request.
  Time since last request: 0.000240 seconds.
  path: Assets/TilePalets/tileset_9 1.asset
  artifactKey: Guid(d53a6597ca2daf541b3ddf7c152f35eb) Importer(815301076,1909f56bfc062723c751e8b465ee728b)
Start importing Assets/TilePalets/tileset_9 1.asset using Guid(d53a6597ca2daf541b3ddf7c152f35eb) Importer(815301076,1909f56bfc062723c751e8b465ee728b)  -> (artifact id: 'e5123c2c66c7fda8e06c2414974ae7b6') in 0.009123 seconds
  Import took 0.012275 seconds .

========================================================================
Received Import Request.
  Time since last request: 0.000271 seconds.
  path: Assets/TilePalets/tileset_0 1.asset
  artifactKey: Guid(c6dd28d599cafbd4aa93c9107ff8621a) Importer(815301076,1909f56bfc062723c751e8b465ee728b)
Start importing Assets/TilePalets/tileset_0 1.asset using Guid(c6dd28d599cafbd4aa93c9107ff8621a) Importer(815301076,1909f56bfc062723c751e8b465ee728b)  -> (artifact id: '30d0150793a352b091dcdc8f3c0c774a') in 0.012161 seconds
  Import took 0.016120 seconds .

========================================================================
Received Import Request.
  Time since last request: 0.000310 seconds.
  path: Assets/TilePalets/tileset_2 1.asset
  artifactKey: Guid(9b28c7117f6ab754baf1b7bc3c0bee32) Importer(815301076,1909f56bfc062723c751e8b465ee728b)
Start importing Assets/TilePalets/tileset_2 1.asset using Guid(9b28c7117f6ab754baf1b7bc3c0bee32) Importer(815301076,1909f56bfc062723c751e8b465ee728b)  -> (artifact id: '3870b4df0b9c6b1431f45a21ff0a1135') in 0.008863 seconds
  Import took 0.012623 seconds .

========================================================================
Received Import Request.
  Time since last request: 0.000258 seconds.
  path: Assets/TilePalets/tileset_5.asset
  artifactKey: Guid(dc46d61e667e5be49a7bb6f61a3f806c) Importer(815301076,1909f56bfc062723c751e8b465ee728b)
Start importing Assets/TilePalets/tileset_5.asset using Guid(dc46d61e667e5be49a7bb6f61a3f806c) Importer(815301076,1909f56bfc062723c751e8b465ee728b)  -> (artifact id: '1c96432490e19d02cbadd38df381b018') in 0.015925 seconds
  Import took 0.019398 seconds .

========================================================================
Received Import Request.
  Time since last request: 0.000321 seconds.
  path: Assets/TilePalets/tileset_18.asset
  artifactKey: Guid(09675756cd04d3d45b5a22c49761d549) Importer(815301076,1909f56bfc062723c751e8b465ee728b)
Start importing Assets/TilePalets/tileset_18.asset using Guid(09675756cd04d3d45b5a22c49761d549) Importer(815301076,1909f56bfc062723c751e8b465ee728b)  -> (artifact id: '3b516a31a4b053b417965d76c2f4051b') in 0.010331 seconds
  Import took 0.013992 seconds .

========================================================================
Received Import Request.
  Time since last request: 0.000340 seconds.
  path: Assets/TilePalets/tileset_10.asset
  artifactKey: Guid(7c34b1672c1ae1b48a4fa11252792e93) Importer(815301076,1909f56bfc062723c751e8b465ee728b)
Start importing Assets/TilePalets/tileset_10.asset using Guid(7c34b1672c1ae1b48a4fa11252792e93) Importer(815301076,1909f56bfc062723c751e8b465ee728b)  -> (artifact id: '50cf07831bc535c7367b84423f7f999c') in 0.009962 seconds
  Import took 0.013617 seconds .

========================================================================
Received Import Request.
  Time since last request: 0.000278 seconds.
  path: Assets/TilePalets/CityPalet2.prefab
  artifactKey: Guid(750d37fa1bfcab54eb4f88e6d24249e9) Importer(815301076,1909f56bfc062723c751e8b465ee728b)
Start importing Assets/TilePalets/CityPalet2.prefab using Guid(750d37fa1bfcab54eb4f88e6d24249e9) Importer(815301076,1909f56bfc062723c751e8b465ee728b)  -> (artifact id: '92440f76d5b052e9add7859a0659fc7b') in 0.004811 seconds
  Import took 0.008564 seconds .

========================================================================
Received Import Request.
  Time since last request: 0.000405 seconds.
  path: Assets/TilePalets/tileset_2.asset
  artifactKey: Guid(1a78dc04ef5eb2d47b3d36d43f3b112f) Importer(815301076,1909f56bfc062723c751e8b465ee728b)
Start importing Assets/TilePalets/tileset_2.asset using Guid(1a78dc04ef5eb2d47b3d36d43f3b112f) Importer(815301076,1909f56bfc062723c751e8b465ee728b)  -> (artifact id: 'cb1cf58c8f20a64b0d1099370f122098') in 0.010954 seconds
  Import took 0.015002 seconds .

========================================================================
Received Import Request.
  Time since last request: 0.000318 seconds.
  path: Assets/TilePalets/tileset_8.asset
  artifactKey: Guid(b34edcfeeeba06b40b3b111349b07886) Importer(815301076,1909f56bfc062723c751e8b465ee728b)
Start importing Assets/TilePalets/tileset_8.asset using Guid(b34edcfeeeba06b40b3b111349b07886) Importer(815301076,1909f56bfc062723c751e8b465ee728b)  -> (artifact id: '50848b67163543ac75095c9ac67e0ec9') in 0.015945 seconds
  Import took 0.020260 seconds .

========================================================================
Received Import Request.
  Time since last request: 0.000510 seconds.
  path: Assets/TilePalets/tileset_16.asset
  artifactKey: Guid(289505d158be2714bb8947a3c1bfe59a) Importer(815301076,1909f56bfc062723c751e8b465ee728b)
Start importing Assets/TilePalets/tileset_16.asset using Guid(289505d158be2714bb8947a3c1bfe59a) Importer(815301076,1909f56bfc062723c751e8b465ee728b)  -> (artifact id: 'e25a1922b71be44f1ba59a9bffffcf7a') in 0.010076 seconds
  Import took 0.014016 seconds .

========================================================================
Received Import Request.
  Time since last request: 0.000335 seconds.
  path: Assets/TilePalets/tileset_7.asset
  artifactKey: Guid(d93aea91b1017d1449ce7015811a8405) Importer(815301076,1909f56bfc062723c751e8b465ee728b)
Start importing Assets/TilePalets/tileset_7.asset using Guid(d93aea91b1017d1449ce7015811a8405) Importer(815301076,1909f56bfc062723c751e8b465ee728b)  -> (artifact id: '433b359cdefe57d2525e273a5bea5a5e') in 0.012230 seconds
  Import took 0.015619 seconds .

========================================================================
Received Import Request.
  Time since last request: 0.000314 seconds.
  path: Assets/TilePalets/tileset_17.asset
  artifactKey: Guid(008cfd833c90e56419ffee1a6ae46414) Importer(815301076,1909f56bfc062723c751e8b465ee728b)
Start importing Assets/TilePalets/tileset_17.asset using Guid(008cfd833c90e56419ffee1a6ae46414) Importer(815301076,1909f56bfc062723c751e8b465ee728b)  -> (artifact id: '48360e3f7241da773048e49f8a753e85') in 0.010053 seconds
  Import took 0.013279 seconds .

========================================================================
Received Import Request.
  Time since last request: 0.000277 seconds.
  path: Assets/TilePalets/tileset_13 1.asset
  artifactKey: Guid(8ca355189ebca4e4da086d476cd5cb54) Importer(815301076,1909f56bfc062723c751e8b465ee728b)
Start importing Assets/TilePalets/tileset_13 1.asset using Guid(8ca355189ebca4e4da086d476cd5cb54) Importer(815301076,1909f56bfc062723c751e8b465ee728b)  -> (artifact id: '7f8f0f9ec14c95cb9d26ccd2af529e11') in 0.008919 seconds
  Import took 0.012435 seconds .

========================================================================
Received Import Request.
  Time since last request: 0.000287 seconds.
  path: Assets/TilePalets/tileset_8 1.asset
  artifactKey: Guid(4443dba2fd9502f47aa09ee0c831762d) Importer(815301076,1909f56bfc062723c751e8b465ee728b)
Start importing Assets/TilePalets/tileset_8 1.asset using Guid(4443dba2fd9502f47aa09ee0c831762d) Importer(815301076,1909f56bfc062723c751e8b465ee728b)  -> (artifact id: '4ebea48d368f83a5e9b661f123c949f9') in 0.009560 seconds
  Import took 0.013562 seconds .

========================================================================
Received Import Request.
  Time since last request: 0.000568 seconds.
  path: Assets/TilePalets/tileset_13.asset
  artifactKey: Guid(a20cab440881be244b9a81b5208350fd) Importer(815301076,1909f56bfc062723c751e8b465ee728b)
Start importing Assets/TilePalets/tileset_13.asset using Guid(a20cab440881be244b9a81b5208350fd) Importer(815301076,1909f56bfc062723c751e8b465ee728b)  -> (artifact id: '8de6a5d5ee752a10a5a11806832a9c30') in 0.008624 seconds
  Import took 0.011885 seconds .

========================================================================
Received Import Request.
  Time since last request: 0.000332 seconds.
  path: Assets/TilePalets/tileset_14 1.asset
  artifactKey: Guid(ce1eb90d643844244bc5a53b3c296f15) Importer(815301076,1909f56bfc062723c751e8b465ee728b)
Start importing Assets/TilePalets/tileset_14 1.asset using Guid(ce1eb90d643844244bc5a53b3c296f15) Importer(815301076,1909f56bfc062723c751e8b465ee728b)  -> (artifact id: '182950f124bb77265830682d838c0d31') in 0.009160 seconds
  Import took 0.013606 seconds .

========================================================================
Received Import Request.
  Time since last request: 0.000331 seconds.
  path: Assets/TilePalets/tileset_9.asset
  artifactKey: Guid(1c783fd4c0bb08a429433d304b7812e6) Importer(815301076,1909f56bfc062723c751e8b465ee728b)
Start importing Assets/TilePalets/tileset_9.asset using Guid(1c783fd4c0bb08a429433d304b7812e6) Importer(815301076,1909f56bfc062723c751e8b465ee728b)  -> (artifact id: '7edb4d98c66b50e6a8ae05dc7374d131') in 0.008151 seconds
  Import took 0.011219 seconds .

========================================================================
Received Import Request.
  Time since last request: 0.000312 seconds.
  path: Assets/TilePalets/tileset_12 1.asset
  artifactKey: Guid(a8d9604f383e24249af306173a80bc15) Importer(815301076,1909f56bfc062723c751e8b465ee728b)
Start importing Assets/TilePalets/tileset_12 1.asset using Guid(a8d9604f383e24249af306173a80bc15) Importer(815301076,1909f56bfc062723c751e8b465ee728b)  -> (artifact id: '18a8d0fb455e74a612fa150df90e7a32') in 0.013235 seconds
  Import took 0.017035 seconds .

========================================================================
Received Import Request.
  Time since last request: 0.000436 seconds.
  path: Assets/TilePalets/tileset_6.asset
  artifactKey: Guid(767a3e0da464ef84fa4a0d11c1744e77) Importer(815301076,1909f56bfc062723c751e8b465ee728b)
Start importing Assets/TilePalets/tileset_6.asset using Guid(767a3e0da464ef84fa4a0d11c1744e77) Importer(815301076,1909f56bfc062723c751e8b465ee728b)  -> (artifact id: '673ce97f8ec55ee3e7da903e2727666d') in 0.008958 seconds
  Import took 0.013098 seconds .

========================================================================
Received Import Request.
  Time since last request: 0.000298 seconds.
  path: Assets/TilePalets/tileset_10 1.asset
  artifactKey: Guid(11dfdcf1ab1530d44b1e97548a34636e) Importer(815301076,1909f56bfc062723c751e8b465ee728b)
Start importing Assets/TilePalets/tileset_10 1.asset using Guid(11dfdcf1ab1530d44b1e97548a34636e) Importer(815301076,1909f56bfc062723c751e8b465ee728b)  -> (artifact id: '3b7eeda1fe273697fbac1a0293a8c54b') in 0.010598 seconds
  Import took 0.014522 seconds .

========================================================================
Received Import Request.
  Time since last request: 0.000309 seconds.
  path: Assets/TilePalets/CityPalet3.prefab
  artifactKey: Guid(a3a6cccd407b3614d8b0e01522f5fec9) Importer(815301076,1909f56bfc062723c751e8b465ee728b)
Start importing Assets/TilePalets/CityPalet3.prefab using Guid(a3a6cccd407b3614d8b0e01522f5fec9) Importer(815301076,1909f56bfc062723c751e8b465ee728b)  -> (artifact id: 'a1f443b69bd0433771a8bc16e52c7484') in 0.004859 seconds
  Import took 0.009344 seconds .

========================================================================
Received Import Request.
  Time since last request: 0.000486 seconds.
  path: Assets/TilePalets/tileset_0.asset
  artifactKey: Guid(4fc9c6b881e36014092f5e1192864d84) Importer(815301076,1909f56bfc062723c751e8b465ee728b)
Start importing Assets/TilePalets/tileset_0.asset using Guid(4fc9c6b881e36014092f5e1192864d84) Importer(815301076,1909f56bfc062723c751e8b465ee728b)  -> (artifact id: '414a8db60269d5fc65c4a453a120b34f') in 0.012031 seconds
  Import took 0.016097 seconds .

========================================================================
Received Import Request.
  Time since last request: 0.000233 seconds.
  path: Assets/TilePalets/tileset_17 1.asset
  artifactKey: Guid(7bfceeb5108ab3b428a28aba9438b8fd) Importer(815301076,1909f56bfc062723c751e8b465ee728b)
Start importing Assets/TilePalets/tileset_17 1.asset using Guid(7bfceeb5108ab3b428a28aba9438b8fd) Importer(815301076,1909f56bfc062723c751e8b465ee728b)  -> (artifact id: 'aa3dc246e0b792999589ee3ebd7d41df') in 0.014020 seconds
  Import took 0.018036 seconds .

========================================================================
Received Import Request.
  Time since last request: 0.000363 seconds.
  path: Assets/TilePalets/tileset_19.asset
  artifactKey: Guid(9903efebd9c819a41a7aebc0e4af06b5) Importer(815301076,1909f56bfc062723c751e8b465ee728b)
Start importing Assets/TilePalets/tileset_19.asset using Guid(9903efebd9c819a41a7aebc0e4af06b5) Importer(815301076,1909f56bfc062723c751e8b465ee728b)  -> (artifact id: '6b6fa1201cee9c6e2eb3bfeb00e04af5') in 0.009213 seconds
  Import took 0.012807 seconds .

========================================================================
Received Import Request.
  Time since last request: 0.000261 seconds.
  path: Assets/TilePalets/tileset_6 1.asset
  artifactKey: Guid(35444698abce93146b01800f07b655a6) Importer(815301076,1909f56bfc062723c751e8b465ee728b)
Start importing Assets/TilePalets/tileset_6 1.asset using Guid(35444698abce93146b01800f07b655a6) Importer(815301076,1909f56bfc062723c751e8b465ee728b)  -> (artifact id: '2a4ff72a8f10ab81426031255af2bd22') in 0.009199 seconds
  Import took 0.012443 seconds .

========================================================================
Received Import Request.
  Time since last request: 0.000321 seconds.
  path: Assets/TilePalets/tileset_15 1.asset
  artifactKey: Guid(83ff8f081570d614eae72bf9b48eeaa7) Importer(815301076,1909f56bfc062723c751e8b465ee728b)
Start importing Assets/TilePalets/tileset_15 1.asset using Guid(83ff8f081570d614eae72bf9b48eeaa7) Importer(815301076,1909f56bfc062723c751e8b465ee728b)  -> (artifact id: 'e8fc7d191622d75af1d0d03b56ade603') in 0.012737 seconds
  Import took 0.015985 seconds .

========================================================================
Received Import Request.
  Time since last request: 0.000329 seconds.
  path: Assets/TilePalets/tileset_11 1.asset
  artifactKey: Guid(bbcb5c490e9a59340a753a9d27c56631) Importer(815301076,1909f56bfc062723c751e8b465ee728b)
Start importing Assets/TilePalets/tileset_11 1.asset using Guid(bbcb5c490e9a59340a753a9d27c56631) Importer(815301076,1909f56bfc062723c751e8b465ee728b)  -> (artifact id: '9214e0b3359f66e389e6d29d1d02b967') in 0.008360 seconds
  Import took 0.012383 seconds .

========================================================================
Received Import Request.
  Time since last request: 0.000317 seconds.
  path: Assets/TilePalets/tileset_14.asset
  artifactKey: Guid(334598cac7206f04296be067039c2f15) Importer(815301076,1909f56bfc062723c751e8b465ee728b)
Start importing Assets/TilePalets/tileset_14.asset using Guid(334598cac7206f04296be067039c2f15) Importer(815301076,1909f56bfc062723c751e8b465ee728b)  -> (artifact id: 'e7dd56d341ad0efa762781f1e7f2e3d1') in 0.008925 seconds
  Import took 0.012265 seconds .

========================================================================
Received Import Request.
  Time since last request: 0.000215 seconds.
  path: Assets/TilePalets/tileset_18 1.asset
  artifactKey: Guid(65914ae17ce624344b3369bda4b65cde) Importer(815301076,1909f56bfc062723c751e8b465ee728b)
Start importing Assets/TilePalets/tileset_18 1.asset using Guid(65914ae17ce624344b3369bda4b65cde) Importer(815301076,1909f56bfc062723c751e8b465ee728b)  -> (artifact id: '9598cdf1988a7c25536ffd175e67f68b') in 0.010414 seconds
  Import took 0.014595 seconds .

========================================================================
Received Import Request.
  Time since last request: 0.000247 seconds.
  path: Assets/TilePalets/tileset_1.asset
  artifactKey: Guid(b41fe88dfe0120846a85bfd88a6ed2ac) Importer(815301076,1909f56bfc062723c751e8b465ee728b)
Start importing Assets/TilePalets/tileset_1.asset using Guid(b41fe88dfe0120846a85bfd88a6ed2ac) Importer(815301076,1909f56bfc062723c751e8b465ee728b)  -> (artifact id: '75af03ec74e83686a12f1c999b905590') in 0.009169 seconds
  Import took 0.012366 seconds .

========================================================================
Received Import Request.
  Time since last request: 0.000328 seconds.
  path: Assets/TilePalets/tileset_15.asset
  artifactKey: Guid(71052987e3a2dc74393b36683b49e0bd) Importer(815301076,1909f56bfc062723c751e8b465ee728b)
Start importing Assets/TilePalets/tileset_15.asset using Guid(71052987e3a2dc74393b36683b49e0bd) Importer(815301076,1909f56bfc062723c751e8b465ee728b)  -> (artifact id: '09be1e81ae0ef409f8500758245cc79a') in 0.010243 seconds
  Import took 0.013589 seconds .

========================================================================
Received Import Request.
  Time since last request: 0.000562 seconds.
  path: Assets/TilePalets/tileset_12.asset
  artifactKey: Guid(d0d11ad36b02dc748ac509e40a716a07) Importer(815301076,1909f56bfc062723c751e8b465ee728b)
Start importing Assets/TilePalets/tileset_12.asset using Guid(d0d11ad36b02dc748ac509e40a716a07) Importer(815301076,1909f56bfc062723c751e8b465ee728b)  -> (artifact id: 'f40f122fcad359c64fd2568e9651de6d') in 0.008140 seconds
  Import took 0.011999 seconds .

========================================================================
Received Import Request.
  Time since last request: 0.000423 seconds.
  path: Assets/TilePalets/tileset_1 1.asset
  artifactKey: Guid(82093b1cb03fbfd4581c0c74cddc4033) Importer(815301076,1909f56bfc062723c751e8b465ee728b)
Start importing Assets/TilePalets/tileset_1 1.asset using Guid(82093b1cb03fbfd4581c0c74cddc4033) Importer(815301076,1909f56bfc062723c751e8b465ee728b)  -> (artifact id: 'afc097e8d65dca07b0d15e08dbefa950') in 0.011819 seconds
  Import took 0.015757 seconds .

========================================================================
Received Import Request.
  Time since last request: 0.000247 seconds.
  path: Assets/TilePalets/tileset_3.asset
  artifactKey: Guid(2929164f78a69c144b6901e831ab45ac) Importer(815301076,1909f56bfc062723c751e8b465ee728b)
Start importing Assets/TilePalets/tileset_3.asset using Guid(2929164f78a69c144b6901e831ab45ac) Importer(815301076,1909f56bfc062723c751e8b465ee728b)  -> (artifact id: 'd88f98022885410cd524e9a0eb55e361') in 0.010550 seconds
  Import took 0.014313 seconds .

========================================================================
Received Import Request.
  Time since last request: 0.000419 seconds.
  path: Assets/TilePalets/tileset_5 1.asset
  artifactKey: Guid(ec290158b1d7bf44a8a4d05c671d0cc4) Importer(815301076,1909f56bfc062723c751e8b465ee728b)
Start importing Assets/TilePalets/tileset_5 1.asset using Guid(ec290158b1d7bf44a8a4d05c671d0cc4) Importer(815301076,1909f56bfc062723c751e8b465ee728b)  -> (artifact id: '9067ca9c5a6baf4269529194e568797e') in 0.008618 seconds
  Import took 0.011970 seconds .

========================================================================
Received Import Request.
  Time since last request: 0.000336 seconds.
  path: Assets/TilePalets/tileset_16 1.asset
  artifactKey: Guid(91b42e9822a6ea64993fd7fa6c34e7fc) Importer(815301076,1909f56bfc062723c751e8b465ee728b)
Start importing Assets/TilePalets/tileset_16 1.asset using Guid(91b42e9822a6ea64993fd7fa6c34e7fc) Importer(815301076,1909f56bfc062723c751e8b465ee728b)  -> (artifact id: '0c962730cec4070d3343c34f26b1f719') in 0.010662 seconds
  Import took 0.015656 seconds .

========================================================================
Received Import Request.
  Time since last request: 0.000323 seconds.
  path: Assets/TilePalets/tileset_7 1.asset
  artifactKey: Guid(274414c3386bf1c45ad46c96fbc9086e) Importer(815301076,1909f56bfc062723c751e8b465ee728b)
Start importing Assets/TilePalets/tileset_7 1.asset using Guid(274414c3386bf1c45ad46c96fbc9086e) Importer(815301076,1909f56bfc062723c751e8b465ee728b)  -> (artifact id: '978c1eda1352cd789fffa4ac7d178a9c') in 0.008608 seconds
  Import took 0.012113 seconds .

========================================================================
Received Import Request.
  Time since last request: 0.000326 seconds.
  path: Assets/TilePalets/tileset_4.asset
  artifactKey: Guid(6df80aeff42480a40a01e3add7ae144d) Importer(815301076,1909f56bfc062723c751e8b465ee728b)
Start importing Assets/TilePalets/tileset_4.asset using Guid(6df80aeff42480a40a01e3add7ae144d) Importer(815301076,1909f56bfc062723c751e8b465ee728b)  -> (artifact id: 'bc8e7dae0b89745ad58d0e8a21085247') in 0.009977 seconds
  Import took 0.013702 seconds .

========================================================================
Received Import Request.
  Time since last request: 0.000265 seconds.
  path: Assets/TilePalets/tileset_3 1.asset
  artifactKey: Guid(34e38a93108f1f040981a6ce1eca9f63) Importer(815301076,1909f56bfc062723c751e8b465ee728b)
Start importing Assets/TilePalets/tileset_3 1.asset using Guid(34e38a93108f1f040981a6ce1eca9f63) Importer(815301076,1909f56bfc062723c751e8b465ee728b)  -> (artifact id: '839f0f6e1e2783304282912f34308535') in 0.011237 seconds
  Import took 0.015206 seconds .

========================================================================
Received Import Request.
  Time since last request: 0.000297 seconds.
  path: Assets/TilePalets/tileset_19 1.asset
  artifactKey: Guid(a1bda20b4cbb5d245abb2b6c4c53ce63) Importer(815301076,1909f56bfc062723c751e8b465ee728b)
Start importing Assets/TilePalets/tileset_19 1.asset using Guid(a1bda20b4cbb5d245abb2b6c4c53ce63) Importer(815301076,1909f56bfc062723c751e8b465ee728b)  -> (artifact id: 'a5852ee1815e7b2e7664b008b119f979') in 0.012029 seconds
  Import took 0.015875 seconds .

========================================================================
Received Import Request.
  Time since last request: 0.000314 seconds.
  path: Assets/TilePalets/tileset_11.asset
  artifactKey: Guid(62639ea6edcf7ff4eb01794905197686) Importer(815301076,1909f56bfc062723c751e8b465ee728b)
Start importing Assets/TilePalets/tileset_11.asset using Guid(62639ea6edcf7ff4eb01794905197686) Importer(815301076,1909f56bfc062723c751e8b465ee728b)  -> (artifact id: '39787bc06a562560543025eb092ca392') in 0.011285 seconds
  Import took 0.015191 seconds .

